{"/home/denis/Zazmic_Internship/hw5/index.js": {"path":"/home/denis/Zazmic_Internship/hw5/index.js","statementMap":{"0":{"start":{"line":1,"column":0},"end":{"line":1,"column":26}},"1":{"start":{"line":2,"column":13},"end":{"line":2,"column":28}},"2":{"start":{"line":3,"column":16},"end":{"line":3,"column":34}},"3":{"start":{"line":4,"column":16},"end":{"line":4,"column":42}},"4":{"start":{"line":5,"column":17},"end":{"line":5,"column":36}},"5":{"start":{"line":8,"column":24},"end":{"line":8,"column":52}},"6":{"start":{"line":11,"column":11},"end":{"line":11,"column":39}},"7":{"start":{"line":12,"column":0},"end":{"line":12,"column":36}},"8":{"start":{"line":14,"column":21},"end":{"line":14,"column":45}},"9":{"start":{"line":15,"column":22},"end":{"line":15,"column":43}},"10":{"start":{"line":16,"column":15},"end":{"line":16,"column":56}},"11":{"start":{"line":19,"column":12},"end":{"line":19,"column":21}},"12":{"start":{"line":21,"column":0},"end":{"line":21,"column":61}},"13":{"start":{"line":22,"column":0},"end":{"line":22,"column":23}},"14":{"start":{"line":25,"column":15},"end":{"line":25,"column":67}},"15":{"start":{"line":26,"column":0},"end":{"line":34,"column":1}},"16":{"start":{"line":35,"column":0},"end":{"line":35,"column":30}},"17":{"start":{"line":36,"column":0},"end":{"line":36,"column":27}},"18":{"start":{"line":38,"column":0},"end":{"line":38,"column":25}},"19":{"start":{"line":40,"column":45},"end":{"line":40,"column":91}},"20":{"start":{"line":41,"column":0},"end":{"line":41,"column":32}},"21":{"start":{"line":42,"column":0},"end":{"line":42,"column":33}},"22":{"start":{"line":43,"column":0},"end":{"line":43,"column":35}},"23":{"start":{"line":44,"column":0},"end":{"line":44,"column":38}},"24":{"start":{"line":47,"column":0},"end":{"line":47,"column":37}},"25":{"start":{"line":50,"column":15},"end":{"line":50,"column":34}},"26":{"start":{"line":51,"column":0},"end":{"line":51,"column":15}},"27":{"start":{"line":54,"column":0},"end":{"line":58,"column":2}},"28":{"start":{"line":55,"column":15},"end":{"line":55,"column":37}},"29":{"start":{"line":56,"column":1},"end":{"line":56,"column":19}},"30":{"start":{"line":57,"column":1},"end":{"line":57,"column":12}},"31":{"start":{"line":59,"column":0},"end":{"line":62,"column":2}},"32":{"start":{"line":60,"column":1},"end":{"line":60,"column":32}},"33":{"start":{"line":61,"column":1},"end":{"line":61,"column":26}},"34":{"start":{"line":64,"column":15},"end":{"line":64,"column":37}},"35":{"start":{"line":66,"column":11},"end":{"line":66,"column":73}},"36":{"start":{"line":67,"column":0},"end":{"line":67,"column":23}},"37":{"start":{"line":70,"column":0},"end":{"line":77,"column":90}},"38":{"start":{"line":72,"column":2},"end":{"line":75,"column":4}},"39":{"start":{"line":73,"column":3},"end":{"line":73,"column":84}},"40":{"start":{"line":73,"column":12},"end":{"line":73,"column":84}},"41":{"start":{"line":74,"column":3},"end":{"line":74,"column":44}},"42":{"start":{"line":77,"column":15},"end":{"line":77,"column":89}},"43":{"start":{"line":79,"column":0},"end":{"line":79,"column":20}}},"fnMap":{"0":{"name":"(anonymous_0)","decl":{"start":{"line":54,"column":8},"end":{"line":54,"column":9}},"loc":{"start":{"line":54,"column":28},"end":{"line":58,"column":1}},"line":54},"1":{"name":"(anonymous_1)","decl":{"start":{"line":59,"column":8},"end":{"line":59,"column":9}},"loc":{"start":{"line":59,"column":35},"end":{"line":62,"column":1}},"line":59},"2":{"name":"(anonymous_2)","decl":{"start":{"line":71,"column":7},"end":{"line":71,"column":8}},"loc":{"start":{"line":71,"column":13},"end":{"line":76,"column":2}},"line":71},"3":{"name":"(anonymous_3)","decl":{"start":{"line":72,"column":34},"end":{"line":72,"column":35}},"loc":{"start":{"line":72,"column":41},"end":{"line":75,"column":3}},"line":72},"4":{"name":"(anonymous_4)","decl":{"start":{"line":77,"column":8},"end":{"line":77,"column":9}},"loc":{"start":{"line":77,"column":15},"end":{"line":77,"column":89}},"line":77}},"branchMap":{"0":{"loc":{"start":{"line":60,"column":12},"end":{"line":60,"column":31}},"type":"binary-expr","locations":[{"start":{"line":60,"column":12},"end":{"line":60,"column":24}},{"start":{"line":60,"column":28},"end":{"line":60,"column":31}}],"line":60},"1":{"loc":{"start":{"line":73,"column":3},"end":{"line":73,"column":84}},"type":"if","locations":[{"start":{"line":73,"column":3},"end":{"line":73,"column":84}},{"start":{"line":73,"column":3},"end":{"line":73,"column":84}}],"line":73}},"s":{"0":1,"1":1,"2":1,"3":1,"4":1,"5":1,"6":1,"7":1,"8":1,"9":1,"10":1,"11":1,"12":1,"13":1,"14":1,"15":1,"16":1,"17":1,"18":1,"19":1,"20":1,"21":1,"22":1,"23":1,"24":1,"25":1,"26":1,"27":1,"28":0,"29":0,"30":0,"31":1,"32":0,"33":0,"34":1,"35":1,"36":1,"37":1,"38":1,"39":1,"40":0,"41":1,"42":0,"43":1},"f":{"0":0,"1":0,"2":1,"3":1,"4":0},"b":{"0":[0,0],"1":[0,1]},"_coverageSchema":"43e27e138ebf9cfc5966b082cf9a028302ed4184","hash":"2af4d039199d816c5d66a8e1fbfe0617c07e7492"}
,"/home/denis/Zazmic_Internship/hw5/db/constant.js": {"path":"/home/denis/Zazmic_Internship/hw5/db/constant.js","statementMap":{"0":{"start":{"line":1,"column":0},"end":{"line":5,"column":1}}},"fnMap":{},"branchMap":{},"s":{"0":1},"f":{},"b":{},"_coverageSchema":"43e27e138ebf9cfc5966b082cf9a028302ed4184","hash":"703d04588295e0ef0bcd527c13c626d4f7f6005f"}
,"/home/denis/Zazmic_Internship/hw5/db/dbConnection.js": {"path":"/home/denis/Zazmic_Internship/hw5/db/dbConnection.js","statementMap":{"0":{"start":{"line":1,"column":18},"end":{"line":1,"column":38}},"1":{"start":{"line":3,"column":0},"end":{"line":13,"column":2}}},"fnMap":{},"branchMap":{},"s":{"0":1,"1":1},"f":{},"b":{},"_coverageSchema":"43e27e138ebf9cfc5966b082cf9a028302ed4184","hash":"8d66b75cdc2afb38c5e9efd27550ffd5ef546703"}
,"/home/denis/Zazmic_Internship/hw5/db/models/Articles.js": {"path":"/home/denis/Zazmic_Internship/hw5/db/models/Articles.js","statementMap":{"0":{"start":{"line":1,"column":29},"end":{"line":1,"column":49}},"1":{"start":{"line":2,"column":18},"end":{"line":2,"column":44}},"2":{"start":{"line":6,"column":0},"end":{"line":54,"column":1}},"3":{"start":{"line":56,"column":0},"end":{"line":59,"column":1}},"4":{"start":{"line":57,"column":1},"end":{"line":57,"column":75}},"5":{"start":{"line":58,"column":1},"end":{"line":58,"column":79}},"6":{"start":{"line":61,"column":0},"end":{"line":61,"column":25}}},"fnMap":{"0":{"name":"(anonymous_0)","decl":{"start":{"line":56,"column":21},"end":{"line":56,"column":22}},"loc":{"start":{"line":56,"column":31},"end":{"line":59,"column":1}},"line":56}},"branchMap":{},"s":{"0":1,"1":1,"2":1,"3":1,"4":1,"5":1,"6":1},"f":{"0":1},"b":{},"_coverageSchema":"43e27e138ebf9cfc5966b082cf9a028302ed4184","hash":"53763d3b281b361ca68ab61fef1eadade8d18646"}
,"/home/denis/Zazmic_Internship/hw5/db/models/Comments.js": {"path":"/home/denis/Zazmic_Internship/hw5/db/models/Comments.js","statementMap":{"0":{"start":{"line":1,"column":29},"end":{"line":1,"column":49}},"1":{"start":{"line":2,"column":18},"end":{"line":2,"column":44}},"2":{"start":{"line":6,"column":0},"end":{"line":40,"column":1}},"3":{"start":{"line":42,"column":0},"end":{"line":45,"column":1}},"4":{"start":{"line":43,"column":1},"end":{"line":43,"column":75}},"5":{"start":{"line":44,"column":1},"end":{"line":44,"column":80}},"6":{"start":{"line":47,"column":0},"end":{"line":47,"column":25}}},"fnMap":{"0":{"name":"(anonymous_0)","decl":{"start":{"line":42,"column":21},"end":{"line":42,"column":22}},"loc":{"start":{"line":42,"column":31},"end":{"line":45,"column":1}},"line":42}},"branchMap":{},"s":{"0":1,"1":1,"2":1,"3":1,"4":1,"5":1,"6":1},"f":{"0":1},"b":{},"_coverageSchema":"43e27e138ebf9cfc5966b082cf9a028302ed4184","hash":"07447a4ff26a1120a0e8dc1848605732bfdc1d75"}
,"/home/denis/Zazmic_Internship/hw5/db/models/Providers.js": {"path":"/home/denis/Zazmic_Internship/hw5/db/models/Providers.js","statementMap":{"0":{"start":{"line":1,"column":29},"end":{"line":1,"column":49}},"1":{"start":{"line":2,"column":18},"end":{"line":2,"column":44}},"2":{"start":{"line":6,"column":0},"end":{"line":35,"column":1}},"3":{"start":{"line":37,"column":0},"end":{"line":42,"column":1}},"4":{"start":{"line":38,"column":1},"end":{"line":41,"column":3}},"5":{"start":{"line":44,"column":0},"end":{"line":44,"column":26}}},"fnMap":{"0":{"name":"(anonymous_0)","decl":{"start":{"line":37,"column":22},"end":{"line":37,"column":23}},"loc":{"start":{"line":37,"column":32},"end":{"line":42,"column":1}},"line":37}},"branchMap":{},"s":{"0":1,"1":1,"2":1,"3":1,"4":1,"5":1},"f":{"0":1},"b":{},"_coverageSchema":"43e27e138ebf9cfc5966b082cf9a028302ed4184","hash":"93c7bbee4819890a4964be6ace532ab9759eb282"}
,"/home/denis/Zazmic_Internship/hw5/db/models/Users.js": {"path":"/home/denis/Zazmic_Internship/hw5/db/models/Users.js","statementMap":{"0":{"start":{"line":1,"column":29},"end":{"line":1,"column":49}},"1":{"start":{"line":2,"column":18},"end":{"line":2,"column":44}},"2":{"start":{"line":3,"column":25},"end":{"line":3,"column":58}},"3":{"start":{"line":7,"column":0},"end":{"line":87,"column":1}},"4":{"start":{"line":89,"column":0},"end":{"line":93,"column":1}},"5":{"start":{"line":90,"column":1},"end":{"line":90,"column":75}},"6":{"start":{"line":91,"column":1},"end":{"line":91,"column":80}},"7":{"start":{"line":92,"column":1},"end":{"line":92,"column":75}},"8":{"start":{"line":95,"column":0},"end":{"line":95,"column":22}}},"fnMap":{"0":{"name":"(anonymous_0)","decl":{"start":{"line":89,"column":18},"end":{"line":89,"column":19}},"loc":{"start":{"line":89,"column":28},"end":{"line":93,"column":1}},"line":89}},"branchMap":{},"s":{"0":1,"1":1,"2":1,"3":1,"4":1,"5":1,"6":1,"7":1,"8":1},"f":{"0":1},"b":{},"_coverageSchema":"43e27e138ebf9cfc5966b082cf9a028302ed4184","hash":"961bbb413915188160c6a8e2ccc7b94f9686835d"}
,"/home/denis/Zazmic_Internship/hw5/db/models/index.js": {"path":"/home/denis/Zazmic_Internship/hw5/db/models/index.js","statementMap":{"0":{"start":{"line":1,"column":15},"end":{"line":6,"column":1}},"1":{"start":{"line":8,"column":19},"end":{"line":8,"column":38}},"2":{"start":{"line":10,"column":0},"end":{"line":14,"column":2}},"3":{"start":{"line":11,"column":1},"end":{"line":13,"column":2}},"4":{"start":{"line":12,"column":2},"end":{"line":12,"column":37}},"5":{"start":{"line":16,"column":0},"end":{"line":16,"column":23}}},"fnMap":{"0":{"name":"(anonymous_0)","decl":{"start":{"line":10,"column":19},"end":{"line":10,"column":20}},"loc":{"start":{"line":10,"column":32},"end":{"line":14,"column":1}},"line":10}},"branchMap":{"0":{"loc":{"start":{"line":11,"column":1},"end":{"line":13,"column":2}},"type":"if","locations":[{"start":{"line":11,"column":1},"end":{"line":13,"column":2}},{"start":{"line":11,"column":1},"end":{"line":13,"column":2}}],"line":11}},"s":{"0":1,"1":1,"2":1,"3":4,"4":4,"5":1},"f":{"0":4},"b":{"0":[4,0]},"_coverageSchema":"43e27e138ebf9cfc5966b082cf9a028302ed4184","hash":"d9bed98b60d38c7a537e082138bfb11f8032b069"}
,"/home/denis/Zazmic_Internship/hw5/mongodb/mongoConnection.js": {"path":"/home/denis/Zazmic_Internship/hw5/mongodb/mongoConnection.js","statementMap":{"0":{"start":{"line":1,"column":17},"end":{"line":1,"column":36}},"1":{"start":{"line":5,"column":2},"end":{"line":12,"column":3}},"2":{"start":{"line":6,"column":3},"end":{"line":9,"column":5}},"3":{"start":{"line":11,"column":3},"end":{"line":11,"column":10}},"4":{"start":{"line":15,"column":0},"end":{"line":15,"column":19}},"5":{"start":{"line":17,"column":0},"end":{"line":17,"column":26}}},"fnMap":{"0":{"name":"(anonymous_0)","decl":{"start":{"line":4,"column":1},"end":{"line":4,"column":2}},"loc":{"start":{"line":4,"column":24},"end":{"line":13,"column":2}},"line":4}},"branchMap":{},"s":{"0":1,"1":1,"2":1,"3":0,"4":1,"5":1},"f":{"0":1},"b":{},"_coverageSchema":"43e27e138ebf9cfc5966b082cf9a028302ed4184","hash":"bef40774ca1fd1e0eba82d08e42e314dbc2847ac"}
,"/home/denis/Zazmic_Internship/hw5/mongodb/queries.js": {"path":"/home/denis/Zazmic_Internship/hw5/mongodb/queries.js","statementMap":{"0":{"start":{"line":1,"column":22},"end":{"line":1,"column":55}},"1":{"start":{"line":2,"column":56},"end":{"line":2,"column":87}},"2":{"start":{"line":4,"column":0},"end":{"line":6,"column":87}},"3":{"start":{"line":5,"column":13},"end":{"line":5,"column":67}},"4":{"start":{"line":6,"column":13},"end":{"line":6,"column":86}},"5":{"start":{"line":8,"column":19},"end":{"line":16,"column":1}},"6":{"start":{"line":9,"column":1},"end":{"line":15,"column":2}},"7":{"start":{"line":10,"column":2},"end":{"line":10,"column":34}},"8":{"start":{"line":11,"column":2},"end":{"line":11,"column":89}},"9":{"start":{"line":13,"column":2},"end":{"line":13,"column":77}},"10":{"start":{"line":14,"column":2},"end":{"line":14,"column":13}},"11":{"start":{"line":18,"column":19},"end":{"line":26,"column":1}},"12":{"start":{"line":19,"column":1},"end":{"line":25,"column":2}},"13":{"start":{"line":20,"column":2},"end":{"line":20,"column":64}},"14":{"start":{"line":21,"column":2},"end":{"line":21,"column":83}},"15":{"start":{"line":23,"column":2},"end":{"line":23,"column":77}},"16":{"start":{"line":24,"column":2},"end":{"line":24,"column":13}},"17":{"start":{"line":28,"column":16},"end":{"line":39,"column":1}},"18":{"start":{"line":29,"column":1},"end":{"line":38,"column":2}},"19":{"start":{"line":30,"column":22},"end":{"line":30,"column":108}},"20":{"start":{"line":31,"column":16},"end":{"line":31,"column":42}},"21":{"start":{"line":32,"column":2},"end":{"line":32,"column":83}},"22":{"start":{"line":33,"column":2},"end":{"line":33,"column":82}},"23":{"start":{"line":34,"column":2},"end":{"line":34,"column":14}},"24":{"start":{"line":36,"column":2},"end":{"line":36,"column":77}},"25":{"start":{"line":37,"column":2},"end":{"line":37,"column":13}},"26":{"start":{"line":41,"column":17},"end":{"line":48,"column":1}},"27":{"start":{"line":42,"column":1},"end":{"line":47,"column":2}},"28":{"start":{"line":43,"column":2},"end":{"line":43,"column":35}},"29":{"start":{"line":45,"column":2},"end":{"line":45,"column":77}},"30":{"start":{"line":46,"column":2},"end":{"line":46,"column":13}},"31":{"start":{"line":50,"column":0},"end":{"line":50,"column":62}}},"fnMap":{"0":{"name":"(anonymous_0)","decl":{"start":{"line":5,"column":7},"end":{"line":5,"column":8}},"loc":{"start":{"line":5,"column":13},"end":{"line":5,"column":67}},"line":5},"1":{"name":"(anonymous_1)","decl":{"start":{"line":6,"column":8},"end":{"line":6,"column":9}},"loc":{"start":{"line":6,"column":13},"end":{"line":6,"column":86}},"line":6},"2":{"name":"(anonymous_2)","decl":{"start":{"line":8,"column":19},"end":{"line":8,"column":20}},"loc":{"start":{"line":8,"column":33},"end":{"line":16,"column":1}},"line":8},"3":{"name":"(anonymous_3)","decl":{"start":{"line":18,"column":19},"end":{"line":18,"column":20}},"loc":{"start":{"line":18,"column":38},"end":{"line":26,"column":1}},"line":18},"4":{"name":"(anonymous_4)","decl":{"start":{"line":28,"column":16},"end":{"line":28,"column":17}},"loc":{"start":{"line":28,"column":35},"end":{"line":39,"column":1}},"line":28},"5":{"name":"(anonymous_5)","decl":{"start":{"line":41,"column":17},"end":{"line":41,"column":18}},"loc":{"start":{"line":41,"column":29},"end":{"line":48,"column":1}},"line":41}},"branchMap":{},"s":{"0":1,"1":1,"2":1,"3":1,"4":0,"5":1,"6":0,"7":0,"8":0,"9":0,"10":0,"11":1,"12":0,"13":0,"14":0,"15":0,"16":0,"17":1,"18":0,"19":0,"20":0,"21":0,"22":0,"23":0,"24":0,"25":0,"26":1,"27":0,"28":0,"29":0,"30":0,"31":1},"f":{"0":1,"1":0,"2":0,"3":0,"4":0,"5":0},"b":{},"_coverageSchema":"43e27e138ebf9cfc5966b082cf9a028302ed4184","hash":"b5984df6b089a59691ca0a8ed7252c4c645d3afa"}
,"/home/denis/Zazmic_Internship/hw5/mongodb/models/ArticlesViews.js": {"path":"/home/denis/Zazmic_Internship/hw5/mongodb/models/ArticlesViews.js","statementMap":{"0":{"start":{"line":1,"column":17},"end":{"line":1,"column":36}},"1":{"start":{"line":2,"column":19},"end":{"line":2,"column":27}},"2":{"start":{"line":4,"column":27},"end":{"line":4,"column":59}},"3":{"start":{"line":6,"column":22},"end":{"line":12,"column":2}},"4":{"start":{"line":14,"column":0},"end":{"line":17,"column":2}},"5":{"start":{"line":15,"column":1},"end":{"line":15,"column":36}},"6":{"start":{"line":16,"column":1},"end":{"line":16,"column":7}},"7":{"start":{"line":19,"column":0},"end":{"line":22,"column":2}},"8":{"start":{"line":20,"column":1},"end":{"line":20,"column":36}},"9":{"start":{"line":21,"column":1},"end":{"line":21,"column":7}},"10":{"start":{"line":25,"column":0},"end":{"line":28,"column":2}},"11":{"start":{"line":26,"column":13},"end":{"line":26,"column":43}},"12":{"start":{"line":26,"column":29},"end":{"line":26,"column":42}},"13":{"start":{"line":27,"column":1},"end":{"line":27,"column":68}},"14":{"start":{"line":30,"column":0},"end":{"line":32,"column":2}},"15":{"start":{"line":31,"column":1},"end":{"line":31,"column":72}},"16":{"start":{"line":33,"column":0},"end":{"line":35,"column":2}},"17":{"start":{"line":34,"column":1},"end":{"line":34,"column":72}},"18":{"start":{"line":37,"column":0},"end":{"line":39,"column":2}},"19":{"start":{"line":38,"column":1},"end":{"line":38,"column":72}},"20":{"start":{"line":41,"column":0},"end":{"line":41,"column":63}}},"fnMap":{"0":{"name":"(anonymous_0)","decl":{"start":{"line":14,"column":31},"end":{"line":14,"column":32}},"loc":{"start":{"line":14,"column":46},"end":{"line":17,"column":1}},"line":14},"1":{"name":"(anonymous_1)","decl":{"start":{"line":19,"column":26},"end":{"line":19,"column":27}},"loc":{"start":{"line":19,"column":41},"end":{"line":22,"column":1}},"line":19},"2":{"name":"(anonymous_2)","decl":{"start":{"line":25,"column":27},"end":{"line":25,"column":28}},"loc":{"start":{"line":25,"column":42},"end":{"line":28,"column":1}},"line":25},"3":{"name":"(anonymous_3)","decl":{"start":{"line":26,"column":22},"end":{"line":26,"column":23}},"loc":{"start":{"line":26,"column":29},"end":{"line":26,"column":42}},"line":26},"4":{"name":"(anonymous_4)","decl":{"start":{"line":30,"column":39},"end":{"line":30,"column":40}},"loc":{"start":{"line":30,"column":53},"end":{"line":32,"column":1}},"line":30},"5":{"name":"(anonymous_5)","decl":{"start":{"line":33,"column":39},"end":{"line":33,"column":40}},"loc":{"start":{"line":33,"column":53},"end":{"line":35,"column":1}},"line":33},"6":{"name":"(anonymous_6)","decl":{"start":{"line":37,"column":27},"end":{"line":37,"column":28}},"loc":{"start":{"line":37,"column":41},"end":{"line":39,"column":1}},"line":37}},"branchMap":{},"s":{"0":1,"1":1,"2":1,"3":1,"4":1,"5":0,"6":0,"7":1,"8":0,"9":0,"10":1,"11":0,"12":0,"13":0,"14":1,"15":0,"16":1,"17":0,"18":1,"19":0,"20":1},"f":{"0":0,"1":0,"2":0,"3":0,"4":0,"5":0,"6":0},"b":{},"_coverageSchema":"43e27e138ebf9cfc5966b082cf9a028302ed4184","hash":"303c9e3bcedda07f9ecac61167b5f241da7746e4"}
,"/home/denis/Zazmic_Internship/hw5/routes/auth.js": {"path":"/home/denis/Zazmic_Internship/hw5/routes/auth.js","statementMap":{"0":{"start":{"line":8,"column":16},"end":{"line":8,"column":34}},"1":{"start":{"line":9,"column":15},"end":{"line":9,"column":31}},"2":{"start":{"line":10,"column":21},"end":{"line":10,"column":53}},"3":{"start":{"line":11,"column":17},"end":{"line":11,"column":36}},"4":{"start":{"line":12,"column":12},"end":{"line":12,"column":35}},"5":{"start":{"line":14,"column":18},"end":{"line":14,"column":50}},"6":{"start":{"line":15,"column":0},"end":{"line":15,"column":48}},"7":{"start":{"line":16,"column":36},"end":{"line":16,"column":66}},"8":{"start":{"line":17,"column":52},"end":{"line":17,"column":92}},"9":{"start":{"line":18,"column":28},"end":{"line":18,"column":63}},"10":{"start":{"line":19,"column":23},"end":{"line":19,"column":48}},"11":{"start":{"line":21,"column":0},"end":{"line":49,"column":1}},"12":{"start":{"line":25,"column":19},"end":{"line":25,"column":76}},"13":{"start":{"line":26,"column":2},"end":{"line":47,"column":3}},"14":{"start":{"line":27,"column":3},"end":{"line":27,"column":18}},"15":{"start":{"line":28,"column":3},"end":{"line":28,"column":67}},"16":{"start":{"line":30,"column":20},"end":{"line":35,"column":4}},"17":{"start":{"line":36,"column":19},"end":{"line":36,"column":47}},"18":{"start":{"line":37,"column":23},"end":{"line":37,"column":51}},"19":{"start":{"line":38,"column":3},"end":{"line":46,"column":5}},"20":{"start":{"line":39,"column":4},"end":{"line":39,"column":56}},"21":{"start":{"line":39,"column":13},"end":{"line":39,"column":56}},"22":{"start":{"line":40,"column":23},"end":{"line":40,"column":70}},"23":{"start":{"line":41,"column":4},"end":{"line":44,"column":6}},"24":{"start":{"line":45,"column":4},"end":{"line":45,"column":31}},"25":{"start":{"line":51,"column":0},"end":{"line":64,"column":2}},"26":{"start":{"line":52,"column":1},"end":{"line":63,"column":2}},"27":{"start":{"line":53,"column":18},"end":{"line":53,"column":63}},"28":{"start":{"line":54,"column":19},"end":{"line":54,"column":44}},"29":{"start":{"line":55,"column":2},"end":{"line":55,"column":45}},"30":{"start":{"line":56,"column":13},"end":{"line":56,"column":42}},"31":{"start":{"line":57,"column":2},"end":{"line":60,"column":4}},"32":{"start":{"line":58,"column":3},"end":{"line":58,"column":48}},"33":{"start":{"line":58,"column":12},"end":{"line":58,"column":48}},"34":{"start":{"line":59,"column":3},"end":{"line":59,"column":27}},"35":{"start":{"line":62,"column":2},"end":{"line":62,"column":77}},"36":{"start":{"line":66,"column":0},"end":{"line":73,"column":1}},"37":{"start":{"line":72,"column":15},"end":{"line":72,"column":43}},"38":{"start":{"line":75,"column":0},"end":{"line":75,"column":54}},"39":{"start":{"line":75,"column":37},"end":{"line":75,"column":53}},"40":{"start":{"line":80,"column":0},"end":{"line":84,"column":2}},"41":{"start":{"line":81,"column":1},"end":{"line":83,"column":3}},"42":{"start":{"line":82,"column":2},"end":{"line":82,"column":86}},"43":{"start":{"line":86,"column":0},"end":{"line":92,"column":2}},"44":{"start":{"line":87,"column":14},"end":{"line":87,"column":68}},"45":{"start":{"line":88,"column":1},"end":{"line":88,"column":24}},"46":{"start":{"line":89,"column":1},"end":{"line":91,"column":3}},"47":{"start":{"line":90,"column":2},"end":{"line":90,"column":49}},"48":{"start":{"line":96,"column":22},"end":{"line":96,"column":50}},"49":{"start":{"line":97,"column":1},"end":{"line":106,"column":2}},"50":{"start":{"line":99,"column":17},"end":{"line":99,"column":40}},"51":{"start":{"line":100,"column":22},"end":{"line":100,"column":31}},"52":{"start":{"line":101,"column":2},"end":{"line":101,"column":25}},"53":{"start":{"line":102,"column":2},"end":{"line":102,"column":8}},"54":{"start":{"line":105,"column":2},"end":{"line":105,"column":21}},"55":{"start":{"line":109,"column":0},"end":{"line":109,"column":23}}},"fnMap":{"0":{"name":"(anonymous_0)","decl":{"start":{"line":24,"column":14},"end":{"line":24,"column":15}},"loc":{"start":{"line":24,"column":34},"end":{"line":48,"column":2}},"line":24},"1":{"name":"(anonymous_1)","decl":{"start":{"line":38,"column":71},"end":{"line":38,"column":72}},"loc":{"start":{"line":38,"column":93},"end":{"line":46,"column":4}},"line":38},"2":{"name":"(anonymous_2)","decl":{"start":{"line":51,"column":36},"end":{"line":51,"column":37}},"loc":{"start":{"line":51,"column":56},"end":{"line":64,"column":1}},"line":51},"3":{"name":"(anonymous_3)","decl":{"start":{"line":57,"column":24},"end":{"line":57,"column":25}},"loc":{"start":{"line":57,"column":31},"end":{"line":60,"column":3}},"line":57},"4":{"name":"(anonymous_4)","decl":{"start":{"line":72,"column":1},"end":{"line":72,"column":2}},"loc":{"start":{"line":72,"column":15},"end":{"line":72,"column":43}},"line":72},"5":{"name":"(anonymous_5)","decl":{"start":{"line":75,"column":23},"end":{"line":75,"column":24}},"loc":{"start":{"line":75,"column":37},"end":{"line":75,"column":53}},"line":75},"6":{"name":"(anonymous_6)","decl":{"start":{"line":80,"column":48},"end":{"line":80,"column":49}},"loc":{"start":{"line":80,"column":62},"end":{"line":84,"column":1}},"line":80},"7":{"name":"(anonymous_7)","decl":{"start":{"line":81,"column":36},"end":{"line":81,"column":37}},"loc":{"start":{"line":81,"column":55},"end":{"line":83,"column":2}},"line":81},"8":{"name":"(anonymous_8)","decl":{"start":{"line":86,"column":26},"end":{"line":86,"column":27}},"loc":{"start":{"line":86,"column":40},"end":{"line":92,"column":1}},"line":86},"9":{"name":"(anonymous_9)","decl":{"start":{"line":89,"column":79},"end":{"line":89,"column":80}},"loc":{"start":{"line":89,"column":95},"end":{"line":91,"column":2}},"line":89},"10":{"name":"verifyToken","decl":{"start":{"line":94,"column":9},"end":{"line":94,"column":20}},"loc":{"start":{"line":94,"column":37},"end":{"line":107,"column":1}},"line":94}},"branchMap":{"0":{"loc":{"start":{"line":26,"column":2},"end":{"line":47,"column":3}},"type":"if","locations":[{"start":{"line":26,"column":2},"end":{"line":47,"column":3}},{"start":{"line":26,"column":2},"end":{"line":47,"column":3}}],"line":26},"1":{"loc":{"start":{"line":39,"column":4},"end":{"line":39,"column":56}},"type":"if","locations":[{"start":{"line":39,"column":4},"end":{"line":39,"column":56}},{"start":{"line":39,"column":4},"end":{"line":39,"column":56}}],"line":39},"2":{"loc":{"start":{"line":58,"column":3},"end":{"line":58,"column":48}},"type":"if","locations":[{"start":{"line":58,"column":3},"end":{"line":58,"column":48}},{"start":{"line":58,"column":3},"end":{"line":58,"column":48}}],"line":58},"3":{"loc":{"start":{"line":82,"column":2},"end":{"line":82,"column":86}},"type":"cond-expr","locations":[{"start":{"line":82,"column":8},"end":{"line":82,"column":27}},{"start":{"line":82,"column":30},"end":{"line":82,"column":86}}],"line":82},"4":{"loc":{"start":{"line":90,"column":2},"end":{"line":90,"column":49}},"type":"cond-expr","locations":[{"start":{"line":90,"column":8},"end":{"line":90,"column":27}},{"start":{"line":90,"column":30},"end":{"line":90,"column":49}}],"line":90},"5":{"loc":{"start":{"line":97,"column":1},"end":{"line":106,"column":2}},"type":"if","locations":[{"start":{"line":97,"column":1},"end":{"line":106,"column":2}},{"start":{"line":97,"column":1},"end":{"line":106,"column":2}}],"line":97}},"s":{"0":1,"1":1,"2":1,"3":1,"4":1,"5":1,"6":1,"7":1,"8":1,"9":1,"10":1,"11":1,"12":1,"13":1,"14":0,"15":0,"16":1,"17":1,"18":1,"19":1,"20":1,"21":0,"22":1,"23":1,"24":1,"25":1,"26":1,"27":1,"28":1,"29":1,"30":1,"31":1,"32":1,"33":0,"34":1,"35":0,"36":1,"37":0,"38":1,"39":1,"40":1,"41":0,"42":0,"43":1,"44":0,"45":0,"46":0,"47":0,"48":0,"49":0,"50":0,"51":0,"52":0,"53":0,"54":0,"55":1},"f":{"0":1,"1":1,"2":1,"3":1,"4":0,"5":1,"6":0,"7":0,"8":0,"9":0,"10":0},"b":{"0":[0,1],"1":[0,1],"2":[0,1],"3":[0,0],"4":[0,0],"5":[0,0]},"_coverageSchema":"43e27e138ebf9cfc5966b082cf9a028302ed4184","hash":"1ffaddb912d89ba7e2a761741576496069bf6375"}
,"/home/denis/Zazmic_Internship/hw5/routes/blogs.js": {"path":"/home/denis/Zazmic_Internship/hw5/routes/blogs.js","statementMap":{"0":{"start":{"line":12,"column":16},"end":{"line":12,"column":34}},"1":{"start":{"line":13,"column":15},"end":{"line":13,"column":31}},"2":{"start":{"line":14,"column":21},"end":{"line":14,"column":53}},"3":{"start":{"line":16,"column":38},"end":{"line":16,"column":70}},"4":{"start":{"line":17,"column":74},"end":{"line":17,"column":103}},"5":{"start":{"line":18,"column":34},"end":{"line":18,"column":64}},"6":{"start":{"line":19,"column":18},"end":{"line":19,"column":62}},"7":{"start":{"line":20,"column":27},"end":{"line":20,"column":56}},"8":{"start":{"line":21,"column":33},"end":{"line":21,"column":72}},"9":{"start":{"line":22,"column":37},"end":{"line":22,"column":78}},"10":{"start":{"line":23,"column":49},"end":{"line":23,"column":89}},"11":{"start":{"line":25,"column":0},"end":{"line":33,"column":1}},"12":{"start":{"line":28,"column":19},"end":{"line":28,"column":59}},"13":{"start":{"line":29,"column":16},"end":{"line":29,"column":32}},"14":{"start":{"line":30,"column":2},"end":{"line":30,"column":40}},"15":{"start":{"line":31,"column":2},"end":{"line":31,"column":30}},"16":{"start":{"line":35,"column":0},"end":{"line":47,"column":1}},"17":{"start":{"line":39,"column":19},"end":{"line":39,"column":23}},"18":{"start":{"line":40,"column":2},"end":{"line":40,"column":33}},"19":{"start":{"line":41,"column":2},"end":{"line":41,"column":48}},"20":{"start":{"line":41,"column":16},"end":{"line":41,"column":48}},"21":{"start":{"line":42,"column":2},"end":{"line":42,"column":53}},"22":{"start":{"line":43,"column":2},"end":{"line":43,"column":89}},"23":{"start":{"line":44,"column":2},"end":{"line":44,"column":21}},"24":{"start":{"line":45,"column":2},"end":{"line":45,"column":32}},"25":{"start":{"line":48,"column":0},"end":{"line":64,"column":1}},"26":{"start":{"line":52,"column":15},"end":{"line":52,"column":94}},"27":{"start":{"line":53,"column":22},"end":{"line":53,"column":47}},"28":{"start":{"line":54,"column":2},"end":{"line":62,"column":3}},"29":{"start":{"line":55,"column":24},"end":{"line":55,"column":28}},"30":{"start":{"line":56,"column":3},"end":{"line":56,"column":49}},"31":{"start":{"line":56,"column":17},"end":{"line":56,"column":49}},"32":{"start":{"line":57,"column":3},"end":{"line":57,"column":82}},"33":{"start":{"line":57,"column":28},"end":{"line":57,"column":82}},"34":{"start":{"line":58,"column":3},"end":{"line":58,"column":92}},"35":{"start":{"line":59,"column":3},"end":{"line":59,"column":77}},"36":{"start":{"line":61,"column":3},"end":{"line":61,"column":22}},"37":{"start":{"line":66,"column":0},"end":{"line":77,"column":1}},"38":{"start":{"line":69,"column":18},"end":{"line":72,"column":4}},"39":{"start":{"line":73,"column":16},"end":{"line":73,"column":45}},"40":{"start":{"line":74,"column":2},"end":{"line":74,"column":34}},"41":{"start":{"line":75,"column":2},"end":{"line":75,"column":29}},"42":{"start":{"line":79,"column":0},"end":{"line":93,"column":1}},"43":{"start":{"line":82,"column":15},"end":{"line":82,"column":94}},"44":{"start":{"line":83,"column":22},"end":{"line":83,"column":47}},"45":{"start":{"line":84,"column":2},"end":{"line":91,"column":3}},"46":{"start":{"line":85,"column":28},"end":{"line":85,"column":84}},"47":{"start":{"line":86,"column":3},"end":{"line":86,"column":42}},"48":{"start":{"line":87,"column":3},"end":{"line":87,"column":82}},"49":{"start":{"line":87,"column":28},"end":{"line":87,"column":82}},"50":{"start":{"line":88,"column":3},"end":{"line":88,"column":79}},"51":{"start":{"line":90,"column":3},"end":{"line":90,"column":22}},"52":{"start":{"line":96,"column":0},"end":{"line":102,"column":1}},"53":{"start":{"line":99,"column":19},"end":{"line":99,"column":69}},"54":{"start":{"line":100,"column":2},"end":{"line":100,"column":30}},"55":{"start":{"line":104,"column":0},"end":{"line":119,"column":1}},"56":{"start":{"line":109,"column":2},"end":{"line":109,"column":33}},"57":{"start":{"line":110,"column":2},"end":{"line":110,"column":37}},"58":{"start":{"line":111,"column":21},"end":{"line":111,"column":52}},"59":{"start":{"line":112,"column":18},"end":{"line":112,"column":49}},"60":{"start":{"line":113,"column":2},"end":{"line":113,"column":27}},"61":{"start":{"line":115,"column":13},"end":{"line":115,"column":36}},"62":{"start":{"line":116,"column":2},"end":{"line":116,"column":89}},"63":{"start":{"line":117,"column":2},"end":{"line":117,"column":29}},"64":{"start":{"line":121,"column":0},"end":{"line":135,"column":1}},"65":{"start":{"line":125,"column":2},"end":{"line":125,"column":29}},"66":{"start":{"line":126,"column":18},"end":{"line":126,"column":56}},"67":{"start":{"line":127,"column":2},"end":{"line":132,"column":3}},"68":{"start":{"line":128,"column":3},"end":{"line":128,"column":26}},"69":{"start":{"line":129,"column":14},"end":{"line":129,"column":37}},"70":{"start":{"line":130,"column":3},"end":{"line":130,"column":98}},"71":{"start":{"line":131,"column":3},"end":{"line":131,"column":29}},"72":{"start":{"line":133,"column":2},"end":{"line":133,"column":21}},"73":{"start":{"line":137,"column":0},"end":{"line":137,"column":23}}},"fnMap":{"0":{"name":"(anonymous_0)","decl":{"start":{"line":27,"column":14},"end":{"line":27,"column":15}},"loc":{"start":{"line":27,"column":34},"end":{"line":32,"column":2}},"line":27},"1":{"name":"(anonymous_1)","decl":{"start":{"line":38,"column":14},"end":{"line":38,"column":15}},"loc":{"start":{"line":38,"column":34},"end":{"line":46,"column":2}},"line":38},"2":{"name":"(anonymous_2)","decl":{"start":{"line":51,"column":14},"end":{"line":51,"column":15}},"loc":{"start":{"line":51,"column":34},"end":{"line":63,"column":2}},"line":51},"3":{"name":"(anonymous_3)","decl":{"start":{"line":68,"column":14},"end":{"line":68,"column":15}},"loc":{"start":{"line":68,"column":34},"end":{"line":76,"column":2}},"line":68},"4":{"name":"(anonymous_4)","decl":{"start":{"line":81,"column":14},"end":{"line":81,"column":15}},"loc":{"start":{"line":81,"column":34},"end":{"line":92,"column":2}},"line":81},"5":{"name":"(anonymous_5)","decl":{"start":{"line":98,"column":14},"end":{"line":98,"column":15}},"loc":{"start":{"line":98,"column":34},"end":{"line":101,"column":2}},"line":98},"6":{"name":"(anonymous_6)","decl":{"start":{"line":108,"column":14},"end":{"line":108,"column":15}},"loc":{"start":{"line":108,"column":34},"end":{"line":118,"column":2}},"line":108},"7":{"name":"(anonymous_7)","decl":{"start":{"line":124,"column":14},"end":{"line":124,"column":15}},"loc":{"start":{"line":124,"column":34},"end":{"line":134,"column":2}},"line":124}},"branchMap":{"0":{"loc":{"start":{"line":41,"column":2},"end":{"line":41,"column":48}},"type":"if","locations":[{"start":{"line":41,"column":2},"end":{"line":41,"column":48}},{"start":{"line":41,"column":2},"end":{"line":41,"column":48}}],"line":41},"1":{"loc":{"start":{"line":54,"column":2},"end":{"line":62,"column":3}},"type":"if","locations":[{"start":{"line":54,"column":2},"end":{"line":62,"column":3}},{"start":{"line":54,"column":2},"end":{"line":62,"column":3}}],"line":54},"2":{"loc":{"start":{"line":56,"column":3},"end":{"line":56,"column":49}},"type":"if","locations":[{"start":{"line":56,"column":3},"end":{"line":56,"column":49}},{"start":{"line":56,"column":3},"end":{"line":56,"column":49}}],"line":56},"3":{"loc":{"start":{"line":57,"column":3},"end":{"line":57,"column":82}},"type":"if","locations":[{"start":{"line":57,"column":3},"end":{"line":57,"column":82}},{"start":{"line":57,"column":3},"end":{"line":57,"column":82}}],"line":57},"4":{"loc":{"start":{"line":59,"column":10},"end":{"line":59,"column":77}},"type":"cond-expr","locations":[{"start":{"line":59,"column":31},"end":{"line":59,"column":55}},{"start":{"line":59,"column":58},"end":{"line":59,"column":77}}],"line":59},"5":{"loc":{"start":{"line":84,"column":2},"end":{"line":91,"column":3}},"type":"if","locations":[{"start":{"line":84,"column":2},"end":{"line":91,"column":3}},{"start":{"line":84,"column":2},"end":{"line":91,"column":3}}],"line":84},"6":{"loc":{"start":{"line":87,"column":3},"end":{"line":87,"column":82}},"type":"if","locations":[{"start":{"line":87,"column":3},"end":{"line":87,"column":82}},{"start":{"line":87,"column":3},"end":{"line":87,"column":82}}],"line":87},"7":{"loc":{"start":{"line":88,"column":3},"end":{"line":88,"column":79}},"type":"cond-expr","locations":[{"start":{"line":88,"column":26},"end":{"line":88,"column":57}},{"start":{"line":88,"column":60},"end":{"line":88,"column":79}}],"line":88},"8":{"loc":{"start":{"line":127,"column":2},"end":{"line":132,"column":3}},"type":"if","locations":[{"start":{"line":127,"column":2},"end":{"line":132,"column":3}},{"start":{"line":127,"column":2},"end":{"line":132,"column":3}}],"line":127}},"s":{"0":1,"1":1,"2":1,"3":1,"4":1,"5":1,"6":1,"7":1,"8":1,"9":1,"10":1,"11":1,"12":0,"13":0,"14":0,"15":0,"16":1,"17":0,"18":0,"19":0,"20":0,"21":0,"22":0,"23":0,"24":0,"25":1,"26":0,"27":0,"28":0,"29":0,"30":0,"31":0,"32":0,"33":0,"34":0,"35":0,"36":0,"37":1,"38":0,"39":0,"40":0,"41":0,"42":1,"43":0,"44":0,"45":0,"46":0,"47":0,"48":0,"49":0,"50":0,"51":0,"52":1,"53":0,"54":0,"55":1,"56":0,"57":0,"58":0,"59":0,"60":0,"61":0,"62":0,"63":0,"64":1,"65":0,"66":0,"67":0,"68":0,"69":0,"70":0,"71":0,"72":0,"73":1},"f":{"0":0,"1":0,"2":0,"3":0,"4":0,"5":0,"6":0,"7":0},"b":{"0":[0,0],"1":[0,0],"2":[0,0],"3":[0,0],"4":[0,0],"5":[0,0],"6":[0,0],"7":[0,0],"8":[0,0]},"_coverageSchema":"43e27e138ebf9cfc5966b082cf9a028302ed4184","hash":"2b32ada5d49ad9087abadd66088a72c7fca483e6"}
,"/home/denis/Zazmic_Internship/hw5/routes/fees.js": {"path":"/home/denis/Zazmic_Internship/hw5/routes/fees.js","statementMap":{"0":{"start":{"line":6,"column":16},"end":{"line":6,"column":34}},"1":{"start":{"line":7,"column":15},"end":{"line":7,"column":31}},"2":{"start":{"line":8,"column":21},"end":{"line":8,"column":53}},"3":{"start":{"line":10,"column":18},"end":{"line":10,"column":62}},"4":{"start":{"line":11,"column":43},"end":{"line":11,"column":79}},"5":{"start":{"line":12,"column":19},"end":{"line":12,"column":54}},"6":{"start":{"line":13,"column":23},"end":{"line":13,"column":48}},"7":{"start":{"line":14,"column":18},"end":{"line":14,"column":21}},"8":{"start":{"line":15,"column":14},"end":{"line":15,"column":17}},"9":{"start":{"line":17,"column":0},"end":{"line":27,"column":1}},"10":{"start":{"line":21,"column":15},"end":{"line":21,"column":44}},"11":{"start":{"line":22,"column":2},"end":{"line":22,"column":59}},"12":{"start":{"line":22,"column":19},"end":{"line":22,"column":59}},"13":{"start":{"line":23,"column":2},"end":{"line":23,"column":74}},"14":{"start":{"line":23,"column":32},"end":{"line":23,"column":74}},"15":{"start":{"line":24,"column":16},"end":{"line":24,"column":63}},"16":{"start":{"line":25,"column":2},"end":{"line":25,"column":51}},"17":{"start":{"line":29,"column":0},"end":{"line":57,"column":1}},"18":{"start":{"line":33,"column":15},"end":{"line":33,"column":44}},"19":{"start":{"line":34,"column":23},"end":{"line":34,"column":124}},"20":{"start":{"line":35,"column":16},"end":{"line":35,"column":63}},"21":{"start":{"line":36,"column":2},"end":{"line":45,"column":4}},"22":{"start":{"line":47,"column":2},"end":{"line":54,"column":3}},"23":{"start":{"line":48,"column":3},"end":{"line":48,"column":42}},"24":{"start":{"line":49,"column":3},"end":{"line":53,"column":5}},"25":{"start":{"line":55,"column":2},"end":{"line":55,"column":63}},"26":{"start":{"line":59,"column":0},"end":{"line":59,"column":23}}},"fnMap":{"0":{"name":"(anonymous_0)","decl":{"start":{"line":20,"column":14},"end":{"line":20,"column":15}},"loc":{"start":{"line":20,"column":34},"end":{"line":26,"column":2}},"line":20},"1":{"name":"(anonymous_1)","decl":{"start":{"line":32,"column":14},"end":{"line":32,"column":15}},"loc":{"start":{"line":32,"column":34},"end":{"line":56,"column":2}},"line":32}},"branchMap":{"0":{"loc":{"start":{"line":22,"column":2},"end":{"line":22,"column":59}},"type":"if","locations":[{"start":{"line":22,"column":2},"end":{"line":22,"column":59}},{"start":{"line":22,"column":2},"end":{"line":22,"column":59}}],"line":22},"1":{"loc":{"start":{"line":23,"column":2},"end":{"line":23,"column":74}},"type":"if","locations":[{"start":{"line":23,"column":2},"end":{"line":23,"column":74}},{"start":{"line":23,"column":2},"end":{"line":23,"column":74}}],"line":23},"2":{"loc":{"start":{"line":43,"column":10},"end":{"line":43,"column":51}},"type":"cond-expr","locations":[{"start":{"line":43,"column":30},"end":{"line":43,"column":47}},{"start":{"line":43,"column":50},"end":{"line":43,"column":51}}],"line":43},"3":{"loc":{"start":{"line":47,"column":2},"end":{"line":54,"column":3}},"type":"if","locations":[{"start":{"line":47,"column":2},"end":{"line":54,"column":3}},{"start":{"line":47,"column":2},"end":{"line":54,"column":3}}],"line":47},"4":{"loc":{"start":{"line":47,"column":6},"end":{"line":47,"column":40}},"type":"binary-expr","locations":[{"start":{"line":47,"column":6},"end":{"line":47,"column":18}},{"start":{"line":47,"column":22},"end":{"line":47,"column":40}}],"line":47}},"s":{"0":1,"1":1,"2":1,"3":1,"4":1,"5":1,"6":1,"7":1,"8":1,"9":1,"10":0,"11":0,"12":0,"13":0,"14":0,"15":0,"16":0,"17":1,"18":0,"19":0,"20":0,"21":0,"22":0,"23":0,"24":0,"25":0,"26":1},"f":{"0":0,"1":0},"b":{"0":[0,0],"1":[0,0],"2":[0,0],"3":[0,0],"4":[0,0]},"_coverageSchema":"43e27e138ebf9cfc5966b082cf9a028302ed4184","hash":"dd89d8c5d0cec8e719e74a38e4fc187686ba3f21"}
,"/home/denis/Zazmic_Internship/hw5/routes/index.js": {"path":"/home/denis/Zazmic_Internship/hw5/routes/index.js","statementMap":{"0":{"start":{"line":1,"column":14},"end":{"line":1,"column":30}},"1":{"start":{"line":2,"column":15},"end":{"line":2,"column":42}},"2":{"start":{"line":4,"column":13},"end":{"line":4,"column":30}},"3":{"start":{"line":5,"column":14},"end":{"line":5,"column":32}},"4":{"start":{"line":6,"column":13},"end":{"line":6,"column":31}},"5":{"start":{"line":7,"column":13},"end":{"line":7,"column":31}},"6":{"start":{"line":8,"column":16},"end":{"line":8,"column":36}},"7":{"start":{"line":9,"column":13},"end":{"line":9,"column":30}},"8":{"start":{"line":11,"column":27},"end":{"line":11,"column":56}},"9":{"start":{"line":13,"column":0},"end":{"line":13,"column":34}},"10":{"start":{"line":14,"column":0},"end":{"line":14,"column":27}},"11":{"start":{"line":15,"column":0},"end":{"line":15,"column":38}},"12":{"start":{"line":16,"column":0},"end":{"line":16,"column":33}},"13":{"start":{"line":17,"column":0},"end":{"line":17,"column":32}},"14":{"start":{"line":18,"column":0},"end":{"line":18,"column":32}},"15":{"start":{"line":20,"column":0},"end":{"line":24,"column":2}},"16":{"start":{"line":21,"column":1},"end":{"line":21,"column":68}},"17":{"start":{"line":21,"column":49},"end":{"line":21,"column":67}},"18":{"start":{"line":22,"column":14},"end":{"line":22,"column":24}},"19":{"start":{"line":23,"column":1},"end":{"line":23,"column":70}},"20":{"start":{"line":26,"column":0},"end":{"line":26,"column":23}}},"fnMap":{"0":{"name":"(anonymous_0)","decl":{"start":{"line":20,"column":16},"end":{"line":20,"column":17}},"loc":{"start":{"line":20,"column":30},"end":{"line":24,"column":1}},"line":20},"1":{"name":"(anonymous_1)","decl":{"start":{"line":21,"column":37},"end":{"line":21,"column":38}},"loc":{"start":{"line":21,"column":49},"end":{"line":21,"column":67}},"line":21}},"branchMap":{},"s":{"0":1,"1":1,"2":1,"3":1,"4":1,"5":1,"6":1,"7":1,"8":1,"9":1,"10":1,"11":1,"12":1,"13":1,"14":1,"15":1,"16":0,"17":0,"18":0,"19":0,"20":1},"f":{"0":0,"1":0},"b":{},"_coverageSchema":"43e27e138ebf9cfc5966b082cf9a028302ed4184","hash":"3e16867d0f6b67fc71d64c54561dfe444152ca69"}
,"/home/denis/Zazmic_Internship/hw5/routes/oauth.js": {"path":"/home/denis/Zazmic_Internship/hw5/routes/oauth.js","statementMap":{"0":{"start":{"line":7,"column":16},"end":{"line":7,"column":34}},"1":{"start":{"line":8,"column":15},"end":{"line":8,"column":31}},"2":{"start":{"line":9,"column":17},"end":{"line":9,"column":36}},"3":{"start":{"line":11,"column":0},"end":{"line":11,"column":87}},"4":{"start":{"line":13,"column":0},"end":{"line":13,"column":80}},"5":{"start":{"line":15,"column":0},"end":{"line":17,"column":2}},"6":{"start":{"line":16,"column":1},"end":{"line":16,"column":29}},"7":{"start":{"line":19,"column":0},"end":{"line":21,"column":2}},"8":{"start":{"line":20,"column":1},"end":{"line":20,"column":29}},"9":{"start":{"line":23,"column":0},"end":{"line":23,"column":23}}},"fnMap":{"0":{"name":"(anonymous_0)","decl":{"start":{"line":15,"column":65},"end":{"line":15,"column":66}},"loc":{"start":{"line":15,"column":79},"end":{"line":17,"column":1}},"line":15},"1":{"name":"(anonymous_1)","decl":{"start":{"line":19,"column":69},"end":{"line":19,"column":70}},"loc":{"start":{"line":19,"column":83},"end":{"line":21,"column":1}},"line":19}},"branchMap":{},"s":{"0":1,"1":1,"2":1,"3":1,"4":1,"5":1,"6":0,"7":1,"8":0,"9":1},"f":{"0":0,"1":0},"b":{},"_coverageSchema":"43e27e138ebf9cfc5966b082cf9a028302ed4184","hash":"09021805b1b3e6092c37885c5fdfa20438f39722"}
,"/home/denis/Zazmic_Internship/hw5/routes/profile.js": {"path":"/home/denis/Zazmic_Internship/hw5/routes/profile.js","statementMap":{"0":{"start":{"line":7,"column":16},"end":{"line":7,"column":34}},"1":{"start":{"line":8,"column":15},"end":{"line":8,"column":31}},"2":{"start":{"line":9,"column":21},"end":{"line":9,"column":53}},"3":{"start":{"line":11,"column":28},"end":{"line":11,"column":60}},"4":{"start":{"line":12,"column":18},"end":{"line":12,"column":62}},"5":{"start":{"line":13,"column":19},"end":{"line":13,"column":49}},"6":{"start":{"line":14,"column":25},"end":{"line":14,"column":54}},"7":{"start":{"line":15,"column":29},"end":{"line":15,"column":68}},"8":{"start":{"line":16,"column":31},"end":{"line":16,"column":71}},"9":{"start":{"line":17,"column":27},"end":{"line":17,"column":63}},"10":{"start":{"line":19,"column":0},"end":{"line":27,"column":1}},"11":{"start":{"line":24,"column":2},"end":{"line":24,"column":87}},"12":{"start":{"line":25,"column":2},"end":{"line":25,"column":30}},"13":{"start":{"line":29,"column":0},"end":{"line":40,"column":1}},"14":{"start":{"line":33,"column":15},"end":{"line":33,"column":111}},"15":{"start":{"line":34,"column":2},"end":{"line":34,"column":64}},"16":{"start":{"line":34,"column":24},"end":{"line":34,"column":64}},"17":{"start":{"line":35,"column":2},"end":{"line":35,"column":54}},"18":{"start":{"line":35,"column":19},"end":{"line":35,"column":54}},"19":{"start":{"line":36,"column":24},"end":{"line":36,"column":75}},"20":{"start":{"line":37,"column":2},"end":{"line":37,"column":48}},"21":{"start":{"line":37,"column":25},"end":{"line":37,"column":48}},"22":{"start":{"line":38,"column":2},"end":{"line":38,"column":21}},"23":{"start":{"line":42,"column":0},"end":{"line":51,"column":1}},"24":{"start":{"line":47,"column":2},"end":{"line":47,"column":65}},"25":{"start":{"line":47,"column":17},"end":{"line":47,"column":65}},"26":{"start":{"line":48,"column":2},"end":{"line":48,"column":51}},"27":{"start":{"line":49,"column":2},"end":{"line":49,"column":48}},"28":{"start":{"line":53,"column":0},"end":{"line":61,"column":1}},"29":{"start":{"line":57,"column":15},"end":{"line":57,"column":44}},"30":{"start":{"line":58,"column":22},"end":{"line":58,"column":64}},"31":{"start":{"line":59,"column":2},"end":{"line":59,"column":49}},"32":{"start":{"line":63,"column":0},"end":{"line":63,"column":23}}},"fnMap":{"0":{"name":"(anonymous_0)","decl":{"start":{"line":23,"column":14},"end":{"line":23,"column":15}},"loc":{"start":{"line":23,"column":34},"end":{"line":26,"column":2}},"line":23},"1":{"name":"(anonymous_1)","decl":{"start":{"line":32,"column":14},"end":{"line":32,"column":15}},"loc":{"start":{"line":32,"column":34},"end":{"line":39,"column":2}},"line":32},"2":{"name":"(anonymous_2)","decl":{"start":{"line":46,"column":14},"end":{"line":46,"column":15}},"loc":{"start":{"line":46,"column":34},"end":{"line":50,"column":2}},"line":46},"3":{"name":"(anonymous_3)","decl":{"start":{"line":56,"column":14},"end":{"line":56,"column":15}},"loc":{"start":{"line":56,"column":34},"end":{"line":60,"column":2}},"line":56}},"branchMap":{"0":{"loc":{"start":{"line":34,"column":2},"end":{"line":34,"column":64}},"type":"if","locations":[{"start":{"line":34,"column":2},"end":{"line":34,"column":64}},{"start":{"line":34,"column":2},"end":{"line":34,"column":64}}],"line":34},"1":{"loc":{"start":{"line":35,"column":2},"end":{"line":35,"column":54}},"type":"if","locations":[{"start":{"line":35,"column":2},"end":{"line":35,"column":54}},{"start":{"line":35,"column":2},"end":{"line":35,"column":54}}],"line":35},"2":{"loc":{"start":{"line":37,"column":2},"end":{"line":37,"column":48}},"type":"if","locations":[{"start":{"line":37,"column":2},"end":{"line":37,"column":48}},{"start":{"line":37,"column":2},"end":{"line":37,"column":48}}],"line":37},"3":{"loc":{"start":{"line":47,"column":2},"end":{"line":47,"column":65}},"type":"if","locations":[{"start":{"line":47,"column":2},"end":{"line":47,"column":65}},{"start":{"line":47,"column":2},"end":{"line":47,"column":65}}],"line":47}},"s":{"0":1,"1":1,"2":1,"3":1,"4":1,"5":1,"6":1,"7":1,"8":1,"9":1,"10":1,"11":0,"12":0,"13":1,"14":0,"15":0,"16":0,"17":0,"18":0,"19":0,"20":0,"21":0,"22":0,"23":1,"24":0,"25":0,"26":0,"27":0,"28":1,"29":0,"30":0,"31":0,"32":1},"f":{"0":0,"1":0,"2":0,"3":0},"b":{"0":[0,0],"1":[0,0],"2":[0,0],"3":[0,0]},"_coverageSchema":"43e27e138ebf9cfc5966b082cf9a028302ed4184","hash":"f16e59877408485faa7e8471eaf82729eb54f0a7"}
,"/home/denis/Zazmic_Internship/hw5/routes/users.js": {"path":"/home/denis/Zazmic_Internship/hw5/routes/users.js","statementMap":{"0":{"start":{"line":9,"column":16},"end":{"line":9,"column":34}},"1":{"start":{"line":10,"column":15},"end":{"line":10,"column":31}},"2":{"start":{"line":11,"column":21},"end":{"line":11,"column":53}},"3":{"start":{"line":13,"column":18},"end":{"line":13,"column":50}},"4":{"start":{"line":14,"column":11},"end":{"line":14,"column":40}},"5":{"start":{"line":16,"column":21},"end":{"line":16,"column":50}},"6":{"start":{"line":17,"column":34},"end":{"line":17,"column":64}},"7":{"start":{"line":18,"column":18},"end":{"line":18,"column":62}},"8":{"start":{"line":19,"column":24},"end":{"line":19,"column":65}},"9":{"start":{"line":21,"column":0},"end":{"line":50,"column":1}},"10":{"start":{"line":25,"column":16},"end":{"line":39,"column":3}},"11":{"start":{"line":40,"column":16},"end":{"line":40,"column":32}},"12":{"start":{"line":41,"column":2},"end":{"line":47,"column":4}},"13":{"start":{"line":42,"column":20},"end":{"line":42,"column":21}},"14":{"start":{"line":43,"column":3},"end":{"line":45,"column":5}},"15":{"start":{"line":44,"column":4},"end":{"line":44,"column":59}},"16":{"start":{"line":44,"column":35},"end":{"line":44,"column":59}},"17":{"start":{"line":46,"column":3},"end":{"line":46,"column":31}},"18":{"start":{"line":48,"column":2},"end":{"line":48,"column":27}},"19":{"start":{"line":52,"column":0},"end":{"line":58,"column":1}},"20":{"start":{"line":55,"column":15},"end":{"line":55,"column":50}},"21":{"start":{"line":56,"column":2},"end":{"line":56,"column":26}},"22":{"start":{"line":60,"column":0},"end":{"line":68,"column":1}},"23":{"start":{"line":63,"column":19},"end":{"line":63,"column":68}},"24":{"start":{"line":64,"column":16},"end":{"line":64,"column":45}},"25":{"start":{"line":65,"column":2},"end":{"line":65,"column":40}},"26":{"start":{"line":66,"column":2},"end":{"line":66,"column":30}},"27":{"start":{"line":70,"column":0},"end":{"line":70,"column":23}}},"fnMap":{"0":{"name":"(anonymous_0)","decl":{"start":{"line":24,"column":14},"end":{"line":24,"column":15}},"loc":{"start":{"line":24,"column":34},"end":{"line":49,"column":2}},"line":24},"1":{"name":"(anonymous_1)","decl":{"start":{"line":41,"column":16},"end":{"line":41,"column":17}},"loc":{"start":{"line":41,"column":24},"end":{"line":47,"column":3}},"line":41},"2":{"name":"(anonymous_2)","decl":{"start":{"line":43,"column":17},"end":{"line":43,"column":18}},"loc":{"start":{"line":43,"column":25},"end":{"line":45,"column":4}},"line":43},"3":{"name":"(anonymous_3)","decl":{"start":{"line":54,"column":14},"end":{"line":54,"column":15}},"loc":{"start":{"line":54,"column":34},"end":{"line":57,"column":2}},"line":54},"4":{"name":"(anonymous_4)","decl":{"start":{"line":62,"column":14},"end":{"line":62,"column":15}},"loc":{"start":{"line":62,"column":34},"end":{"line":67,"column":2}},"line":62}},"branchMap":{"0":{"loc":{"start":{"line":44,"column":4},"end":{"line":44,"column":59}},"type":"if","locations":[{"start":{"line":44,"column":4},"end":{"line":44,"column":59}},{"start":{"line":44,"column":4},"end":{"line":44,"column":59}}],"line":44}},"s":{"0":1,"1":1,"2":1,"3":1,"4":1,"5":1,"6":1,"7":1,"8":1,"9":1,"10":0,"11":0,"12":0,"13":0,"14":0,"15":0,"16":0,"17":0,"18":0,"19":1,"20":0,"21":0,"22":1,"23":0,"24":0,"25":0,"26":0,"27":1},"f":{"0":0,"1":0,"2":0,"3":0,"4":0},"b":{"0":[0,0]},"_coverageSchema":"43e27e138ebf9cfc5966b082cf9a028302ed4184","hash":"3a82dcb0052af4f2f4652b20839e3681c9973a73"}
,"/home/denis/Zazmic_Internship/hw5/services/AuthService.js": {"path":"/home/denis/Zazmic_Internship/hw5/services/AuthService.js","statementMap":{"0":{"start":{"line":1,"column":24},"end":{"line":1,"column":43}},"1":{"start":{"line":2,"column":29},"end":{"line":2,"column":61}},"2":{"start":{"line":6,"column":2},"end":{"line":22,"column":3}},"3":{"start":{"line":7,"column":20},"end":{"line":7,"column":61}},"4":{"start":{"line":8,"column":3},"end":{"line":19,"column":4}},"5":{"start":{"line":9,"column":4},"end":{"line":9,"column":47}},"6":{"start":{"line":10,"column":17},"end":{"line":10,"column":46}},"7":{"start":{"line":11,"column":23},"end":{"line":11,"column":77}},"8":{"start":{"line":12,"column":4},"end":{"line":12,"column":85}},"9":{"start":{"line":12,"column":21},"end":{"line":12,"column":85}},"10":{"start":{"line":13,"column":4},"end":{"line":13,"column":15}},"11":{"start":{"line":15,"column":20},"end":{"line":15,"column":69}},"12":{"start":{"line":16,"column":4},"end":{"line":16,"column":46}},"13":{"start":{"line":17,"column":4},"end":{"line":17,"column":82}},"14":{"start":{"line":18,"column":4},"end":{"line":18,"column":39}},"15":{"start":{"line":21,"column":3},"end":{"line":21,"column":68}},"16":{"start":{"line":26,"column":2},"end":{"line":26,"column":62}},"17":{"start":{"line":30,"column":2},"end":{"line":30,"column":79}},"18":{"start":{"line":34,"column":0},"end":{"line":34,"column":32}}},"fnMap":{"0":{"name":"(anonymous_0)","decl":{"start":{"line":5,"column":1},"end":{"line":5,"column":2}},"loc":{"start":{"line":5,"column":98},"end":{"line":23,"column":2}},"line":5},"1":{"name":"(anonymous_1)","decl":{"start":{"line":25,"column":1},"end":{"line":25,"column":2}},"loc":{"start":{"line":25,"column":67},"end":{"line":27,"column":2}},"line":25},"2":{"name":"(anonymous_2)","decl":{"start":{"line":29,"column":1},"end":{"line":29,"column":2}},"loc":{"start":{"line":29,"column":53},"end":{"line":31,"column":2}},"line":29}},"branchMap":{"0":{"loc":{"start":{"line":8,"column":3},"end":{"line":19,"column":4}},"type":"if","locations":[{"start":{"line":8,"column":3},"end":{"line":19,"column":4}},{"start":{"line":8,"column":3},"end":{"line":19,"column":4}}],"line":8},"1":{"loc":{"start":{"line":12,"column":4},"end":{"line":12,"column":85}},"type":"if","locations":[{"start":{"line":12,"column":4},"end":{"line":12,"column":85}},{"start":{"line":12,"column":4},"end":{"line":12,"column":85}}],"line":12}},"s":{"0":1,"1":1,"2":0,"3":0,"4":0,"5":0,"6":0,"7":0,"8":0,"9":0,"10":0,"11":0,"12":0,"13":0,"14":0,"15":0,"16":0,"17":0,"18":1},"f":{"0":0,"1":0,"2":0},"b":{"0":[0,0],"1":[0,0]},"_coverageSchema":"43e27e138ebf9cfc5966b082cf9a028302ed4184","hash":"23a53f10e09e6594cfba4e9d6fc74cda2f483ed9"}
,"/home/denis/Zazmic_Internship/hw5/services/emailService.js": {"path":"/home/denis/Zazmic_Internship/hw5/services/emailService.js","statementMap":{"0":{"start":{"line":1,"column":15},"end":{"line":1,"column":40}},"1":{"start":{"line":2,"column":0},"end":{"line":2,"column":46}},"2":{"start":{"line":6,"column":2},"end":{"line":11,"column":4}},"3":{"start":{"line":15,"column":0},"end":{"line":15,"column":44}}},"fnMap":{"0":{"name":"(anonymous_0)","decl":{"start":{"line":5,"column":1},"end":{"line":5,"column":2}},"loc":{"start":{"line":5,"column":69},"end":{"line":12,"column":2}},"line":5}},"branchMap":{"0":{"loc":{"start":{"line":5,"column":34},"end":{"line":5,"column":49}},"type":"default-arg","locations":[{"start":{"line":5,"column":47},"end":{"line":5,"column":49}}],"line":5},"1":{"loc":{"start":{"line":5,"column":51},"end":{"line":5,"column":67}},"type":"default-arg","locations":[{"start":{"line":5,"column":65},"end":{"line":5,"column":67}}],"line":5}},"s":{"0":1,"1":1,"2":0,"3":1},"f":{"0":0},"b":{"0":[0],"1":[0]},"_coverageSchema":"43e27e138ebf9cfc5966b082cf9a028302ed4184","hash":"c7e335c2c03c8313e68f15cddb3b68e1b66ff3bb"}
,"/home/denis/Zazmic_Internship/hw5/services/gcRemovalService.js": {"path":"/home/denis/Zazmic_Internship/hw5/services/gcRemovalService.js","statementMap":{"0":{"start":{"line":1,"column":43},"end":{"line":1,"column":72}},"1":{"start":{"line":2,"column":24},"end":{"line":2,"column":43}},"2":{"start":{"line":6,"column":2},"end":{"line":6,"column":26}},"3":{"start":{"line":7,"column":2},"end":{"line":7,"column":25}},"4":{"start":{"line":10,"column":2},"end":{"line":10,"column":68}},"5":{"start":{"line":14,"column":2},"end":{"line":14,"column":65}},"6":{"start":{"line":14,"column":36},"end":{"line":14,"column":63}},"7":{"start":{"line":18,"column":19},"end":{"line":18,"column":40}},"8":{"start":{"line":19,"column":19},"end":{"line":19,"column":83}},"9":{"start":{"line":20,"column":17},"end":{"line":20,"column":55}},"10":{"start":{"line":21,"column":2},"end":{"line":21,"column":109}},"11":{"start":{"line":21,"column":35},"end":{"line":21,"column":108}},"12":{"start":{"line":25,"column":25},"end":{"line":25,"column":92}},"13":{"start":{"line":26,"column":29},"end":{"line":26,"column":100}},"14":{"start":{"line":28,"column":0},"end":{"line":28,"column":59}}},"fnMap":{"0":{"name":"(anonymous_0)","decl":{"start":{"line":5,"column":1},"end":{"line":5,"column":2}},"loc":{"start":{"line":5,"column":30},"end":{"line":8,"column":2}},"line":5},"1":{"name":"(anonymous_1)","decl":{"start":{"line":9,"column":1},"end":{"line":9,"column":2}},"loc":{"start":{"line":9,"column":14},"end":{"line":11,"column":2}},"line":9},"2":{"name":"(anonymous_2)","decl":{"start":{"line":13,"column":1},"end":{"line":13,"column":2}},"loc":{"start":{"line":13,"column":24},"end":{"line":15,"column":2}},"line":13},"3":{"name":"(anonymous_3)","decl":{"start":{"line":14,"column":29},"end":{"line":14,"column":30}},"loc":{"start":{"line":14,"column":36},"end":{"line":14,"column":63}},"line":14},"4":{"name":"(anonymous_4)","decl":{"start":{"line":17,"column":1},"end":{"line":17,"column":2}},"loc":{"start":{"line":17,"column":22},"end":{"line":22,"column":2}},"line":17},"5":{"name":"(anonymous_5)","decl":{"start":{"line":21,"column":30},"end":{"line":21,"column":31}},"loc":{"start":{"line":21,"column":35},"end":{"line":21,"column":108}},"line":21}},"branchMap":{"0":{"loc":{"start":{"line":10,"column":2},"end":{"line":10,"column":68}},"type":"cond-expr","locations":[{"start":{"line":10,"column":24},"end":{"line":10,"column":45}},{"start":{"line":10,"column":48},"end":{"line":10,"column":68}}],"line":10}},"s":{"0":1,"1":1,"2":2,"3":2,"4":0,"5":0,"6":0,"7":0,"8":0,"9":0,"10":0,"11":0,"12":1,"13":1,"14":1},"f":{"0":2,"1":0,"2":0,"3":0,"4":0,"5":0},"b":{"0":[0,0]},"_coverageSchema":"43e27e138ebf9cfc5966b082cf9a028302ed4184","hash":"42215053b228af6782cbfab845d9dcad510e4a4b"}
,"/home/denis/Zazmic_Internship/hw5/services/gcStorageService.js": {"path":"/home/denis/Zazmic_Internship/hw5/services/gcStorageService.js","statementMap":{"0":{"start":{"line":1,"column":20},"end":{"line":1,"column":52}},"1":{"start":{"line":2,"column":13},"end":{"line":2,"column":28}},"2":{"start":{"line":3,"column":14},"end":{"line":3,"column":30}},"3":{"start":{"line":4,"column":24},"end":{"line":4,"column":43}},"4":{"start":{"line":8,"column":2},"end":{"line":8,"column":80}},"5":{"start":{"line":8,"column":20},"end":{"line":8,"column":80}},"6":{"start":{"line":9,"column":2},"end":{"line":9,"column":99}},"7":{"start":{"line":9,"column":25},"end":{"line":9,"column":99}},"8":{"start":{"line":10,"column":2},"end":{"line":10,"column":63}},"9":{"start":{"line":11,"column":2},"end":{"line":11,"column":54}},"10":{"start":{"line":12,"column":2},"end":{"line":12,"column":65}},"11":{"start":{"line":13,"column":2},"end":{"line":13,"column":53}},"12":{"start":{"line":14,"column":2},"end":{"line":14,"column":21}},"13":{"start":{"line":18,"column":2},"end":{"line":18,"column":92}},"14":{"start":{"line":22,"column":17},"end":{"line":22,"column":27}},"15":{"start":{"line":23,"column":2},"end":{"line":23,"column":44}},"16":{"start":{"line":27,"column":2},"end":{"line":49,"column":4}},"17":{"start":{"line":28,"column":3},"end":{"line":28,"column":26}},"18":{"start":{"line":28,"column":12},"end":{"line":28,"column":26}},"19":{"start":{"line":29,"column":3},"end":{"line":48,"column":5}},"20":{"start":{"line":30,"column":4},"end":{"line":30,"column":27}},"21":{"start":{"line":30,"column":13},"end":{"line":30,"column":27}},"22":{"start":{"line":31,"column":22},"end":{"line":31,"column":54}},"23":{"start":{"line":32,"column":17},"end":{"line":32,"column":47}},"24":{"start":{"line":33,"column":23},"end":{"line":33,"column":74}},"25":{"start":{"line":34,"column":25},"end":{"line":34,"column":90}},"26":{"start":{"line":35,"column":4},"end":{"line":47,"column":7}},"27":{"start":{"line":39,"column":6},"end":{"line":39,"column":72}},"28":{"start":{"line":40,"column":6},"end":{"line":40,"column":13}},"29":{"start":{"line":43,"column":6},"end":{"line":46,"column":8}},"30":{"start":{"line":53,"column":2},"end":{"line":53,"column":45}},"31":{"start":{"line":57,"column":22},"end":{"line":62,"column":2}},"32":{"start":{"line":64,"column":24},"end":{"line":69,"column":2}},"33":{"start":{"line":71,"column":0},"end":{"line":71,"column":51}}},"fnMap":{"0":{"name":"(anonymous_0)","decl":{"start":{"line":7,"column":1},"end":{"line":7,"column":2}},"loc":{"start":{"line":7,"column":19},"end":{"line":15,"column":2}},"line":7},"1":{"name":"(anonymous_1)","decl":{"start":{"line":17,"column":1},"end":{"line":17,"column":2}},"loc":{"start":{"line":17,"column":31},"end":{"line":19,"column":2}},"line":17},"2":{"name":"(anonymous_2)","decl":{"start":{"line":21,"column":1},"end":{"line":21,"column":2}},"loc":{"start":{"line":21,"column":28},"end":{"line":24,"column":2}},"line":21},"3":{"name":"(anonymous_3)","decl":{"start":{"line":26,"column":1},"end":{"line":26,"column":2}},"loc":{"start":{"line":26,"column":28},"end":{"line":50,"column":2}},"line":26},"4":{"name":"(anonymous_4)","decl":{"start":{"line":27,"column":33},"end":{"line":27,"column":34}},"loc":{"start":{"line":27,"column":55},"end":{"line":49,"column":3}},"line":27},"5":{"name":"(anonymous_5)","decl":{"start":{"line":29,"column":31},"end":{"line":29,"column":32}},"loc":{"start":{"line":29,"column":56},"end":{"line":48,"column":4}},"line":29},"6":{"name":"(anonymous_6)","decl":{"start":{"line":38,"column":18},"end":{"line":38,"column":19}},"loc":{"start":{"line":38,"column":25},"end":{"line":41,"column":6}},"line":38},"7":{"name":"(anonymous_7)","decl":{"start":{"line":42,"column":19},"end":{"line":42,"column":20}},"loc":{"start":{"line":42,"column":25},"end":{"line":47,"column":6}},"line":42},"8":{"name":"(anonymous_8)","decl":{"start":{"line":52,"column":1},"end":{"line":52,"column":2}},"loc":{"start":{"line":52,"column":28},"end":{"line":54,"column":2}},"line":52}},"branchMap":{"0":{"loc":{"start":{"line":8,"column":2},"end":{"line":8,"column":80}},"type":"if","locations":[{"start":{"line":8,"column":2},"end":{"line":8,"column":80}},{"start":{"line":8,"column":2},"end":{"line":8,"column":80}}],"line":8},"1":{"loc":{"start":{"line":9,"column":2},"end":{"line":9,"column":99}},"type":"if","locations":[{"start":{"line":9,"column":2},"end":{"line":9,"column":99}},{"start":{"line":9,"column":2},"end":{"line":9,"column":99}}],"line":9},"2":{"loc":{"start":{"line":10,"column":24},"end":{"line":10,"column":63}},"type":"binary-expr","locations":[{"start":{"line":10,"column":24},"end":{"line":10,"column":40}},{"start":{"line":10,"column":44},"end":{"line":10,"column":63}}],"line":10},"3":{"loc":{"start":{"line":11,"column":21},"end":{"line":11,"column":54}},"type":"binary-expr","locations":[{"start":{"line":11,"column":21},"end":{"line":11,"column":34}},{"start":{"line":11,"column":38},"end":{"line":11,"column":54}}],"line":11},"4":{"loc":{"start":{"line":28,"column":3},"end":{"line":28,"column":26}},"type":"if","locations":[{"start":{"line":28,"column":3},"end":{"line":28,"column":26}},{"start":{"line":28,"column":3},"end":{"line":28,"column":26}}],"line":28},"5":{"loc":{"start":{"line":30,"column":4},"end":{"line":30,"column":27}},"type":"if","locations":[{"start":{"line":30,"column":4},"end":{"line":30,"column":27}},{"start":{"line":30,"column":4},"end":{"line":30,"column":27}}],"line":30},"6":{"loc":{"start":{"line":33,"column":40},"end":{"line":33,"column":72}},"type":"binary-expr","locations":[{"start":{"line":33,"column":40},"end":{"line":33,"column":56}},{"start":{"line":33,"column":60},"end":{"line":33,"column":72}}],"line":33}},"s":{"0":1,"1":1,"2":1,"3":1,"4":2,"5":0,"6":2,"7":0,"8":2,"9":2,"10":2,"11":2,"12":2,"13":0,"14":0,"15":0,"16":0,"17":0,"18":0,"19":0,"20":0,"21":0,"22":0,"23":0,"24":0,"25":0,"26":0,"27":0,"28":0,"29":0,"30":0,"31":1,"32":1,"33":1},"f":{"0":2,"1":0,"2":0,"3":0,"4":0,"5":0,"6":0,"7":0,"8":0},"b":{"0":[0,2],"1":[0,2],"2":[2,2],"3":[2,2],"4":[0,0],"5":[0,0],"6":[0,0]},"_coverageSchema":"43e27e138ebf9cfc5966b082cf9a028302ed4184","hash":"75aeca3c3beace292294e922e9183393e6490dab"}
,"/home/denis/Zazmic_Internship/hw5/services/hashPsw.js": {"path":"/home/denis/Zazmic_Internship/hw5/services/hashPsw.js","statementMap":{"0":{"start":{"line":1,"column":15},"end":{"line":1,"column":32}},"1":{"start":{"line":2,"column":24},"end":{"line":2,"column":43}},"2":{"start":{"line":3,"column":18},"end":{"line":3,"column":20}},"3":{"start":{"line":5,"column":21},"end":{"line":13,"column":1}},"4":{"start":{"line":6,"column":1},"end":{"line":12,"column":2}},"5":{"start":{"line":7,"column":2},"end":{"line":9,"column":3}},"6":{"start":{"line":8,"column":3},"end":{"line":8,"column":62}},"7":{"start":{"line":11,"column":2},"end":{"line":11,"column":77}},"8":{"start":{"line":15,"column":17},"end":{"line":15,"column":57}},"9":{"start":{"line":15,"column":32},"end":{"line":15,"column":57}},"10":{"start":{"line":17,"column":0},"end":{"line":17,"column":43}}},"fnMap":{"0":{"name":"(anonymous_0)","decl":{"start":{"line":5,"column":21},"end":{"line":5,"column":22}},"loc":{"start":{"line":5,"column":35},"end":{"line":13,"column":1}},"line":5},"1":{"name":"(anonymous_1)","decl":{"start":{"line":15,"column":17},"end":{"line":15,"column":18}},"loc":{"start":{"line":15,"column":32},"end":{"line":15,"column":57}},"line":15}},"branchMap":{"0":{"loc":{"start":{"line":7,"column":2},"end":{"line":9,"column":3}},"type":"if","locations":[{"start":{"line":7,"column":2},"end":{"line":9,"column":3}},{"start":{"line":7,"column":2},"end":{"line":9,"column":3}}],"line":7}},"s":{"0":1,"1":1,"2":1,"3":1,"4":2,"5":2,"6":1,"7":0,"8":1,"9":0,"10":1},"f":{"0":2,"1":0},"b":{"0":[1,1]},"_coverageSchema":"43e27e138ebf9cfc5966b082cf9a028302ed4184","hash":"4fba305e51456a27d019709fa766696cfcdebda8"}
,"/home/denis/Zazmic_Internship/hw5/services/helpers.js": {"path":"/home/denis/Zazmic_Internship/hw5/services/helpers.js","statementMap":{"0":{"start":{"line":1,"column":12},"end":{"line":1,"column":26}},"1":{"start":{"line":3,"column":30},"end":{"line":9,"column":1}},"2":{"start":{"line":4,"column":1},"end":{"line":8,"column":3}},"3":{"start":{"line":5,"column":2},"end":{"line":7,"column":4}},"4":{"start":{"line":6,"column":3},"end":{"line":6,"column":80}},"5":{"start":{"line":6,"column":46},"end":{"line":6,"column":80}},"6":{"start":{"line":11,"column":15},"end":{"line":15,"column":1}},"7":{"start":{"line":12,"column":1},"end":{"line":12,"column":13}},"8":{"start":{"line":13,"column":1},"end":{"line":13,"column":22}},"9":{"start":{"line":14,"column":1},"end":{"line":14,"column":13}},"10":{"start":{"line":17,"column":24},"end":{"line":17,"column":92}},"11":{"start":{"line":17,"column":31},"end":{"line":17,"column":92}},"12":{"start":{"line":19,"column":0},"end":{"line":19,"column":67}}},"fnMap":{"0":{"name":"(anonymous_0)","decl":{"start":{"line":3,"column":30},"end":{"line":3,"column":31}},"loc":{"start":{"line":3,"column":51},"end":{"line":9,"column":1}},"line":3},"1":{"name":"(anonymous_1)","decl":{"start":{"line":4,"column":18},"end":{"line":4,"column":19}},"loc":{"start":{"line":4,"column":26},"end":{"line":8,"column":2}},"line":4},"2":{"name":"(anonymous_2)","decl":{"start":{"line":5,"column":16},"end":{"line":5,"column":17}},"loc":{"start":{"line":5,"column":24},"end":{"line":7,"column":3}},"line":5},"3":{"name":"(anonymous_3)","decl":{"start":{"line":11,"column":15},"end":{"line":11,"column":16}},"loc":{"start":{"line":11,"column":29},"end":{"line":15,"column":1}},"line":11},"4":{"name":"(anonymous_4)","decl":{"start":{"line":17,"column":24},"end":{"line":17,"column":25}},"loc":{"start":{"line":17,"column":31},"end":{"line":17,"column":92}},"line":17}},"branchMap":{"0":{"loc":{"start":{"line":6,"column":3},"end":{"line":6,"column":80}},"type":"if","locations":[{"start":{"line":6,"column":3},"end":{"line":6,"column":80}},{"start":{"line":6,"column":3},"end":{"line":6,"column":80}}],"line":6}},"s":{"0":1,"1":1,"2":0,"3":0,"4":0,"5":0,"6":1,"7":1,"8":1,"9":1,"10":1,"11":1,"12":1},"f":{"0":0,"1":0,"2":0,"3":1,"4":1},"b":{"0":[0,0]},"_coverageSchema":"43e27e138ebf9cfc5966b082cf9a028302ed4184","hash":"da9e9ae3a912e86cde558b4b715ce8db3ef21d49"}
,"/home/denis/Zazmic_Internship/hw5/services/logger.js": {"path":"/home/denis/Zazmic_Internship/hw5/services/logger.js","statementMap":{"0":{"start":{"line":1,"column":16},"end":{"line":1,"column":34}},"1":{"start":{"line":2,"column":0},"end":{"line":2,"column":26}},"2":{"start":{"line":3,"column":0},"end":{"line":3,"column":37}},"3":{"start":{"line":5,"column":45},"end":{"line":5,"column":52}},"4":{"start":{"line":7,"column":23},"end":{"line":24,"column":2}},"5":{"start":{"line":26,"column":20},"end":{"line":44,"column":2}},"6":{"start":{"line":46,"column":23},"end":{"line":64,"column":2}},"7":{"start":{"line":66,"column":24},"end":{"line":69,"column":1}},"8":{"start":{"line":67,"column":1},"end":{"line":67,"column":61}},"9":{"start":{"line":68,"column":1},"end":{"line":68,"column":39}},"10":{"start":{"line":68,"column":23},"end":{"line":68,"column":38}},"11":{"start":{"line":71,"column":0},"end":{"line":71,"column":48}},"12":{"start":{"line":72,"column":0},"end":{"line":72,"column":49}},"13":{"start":{"line":74,"column":0},"end":{"line":78,"column":1}}},"fnMap":{"0":{"name":"(anonymous_0)","decl":{"start":{"line":66,"column":24},"end":{"line":66,"column":25}},"loc":{"start":{"line":66,"column":33},"end":{"line":69,"column":1}},"line":66},"1":{"name":"(anonymous_1)","decl":{"start":{"line":68,"column":17},"end":{"line":68,"column":18}},"loc":{"start":{"line":68,"column":23},"end":{"line":68,"column":38}},"line":68}},"branchMap":{},"s":{"0":1,"1":1,"2":1,"3":1,"4":1,"5":1,"6":1,"7":1,"8":0,"9":0,"10":0,"11":1,"12":1,"13":1},"f":{"0":0,"1":0},"b":{},"_coverageSchema":"43e27e138ebf9cfc5966b082cf9a028302ed4184","hash":"b954a0172387f7be8517682f687c7e2189e050bf"}
,"/home/denis/Zazmic_Internship/hw5/services/multer.js": {"path":"/home/denis/Zazmic_Internship/hw5/services/multer.js","statementMap":{"0":{"start":{"line":1,"column":15},"end":{"line":1,"column":32}},"1":{"start":{"line":3,"column":43},"end":{"line":3,"column":72}},"2":{"start":{"line":5,"column":21},"end":{"line":10,"column":2}},"3":{"start":{"line":12,"column":23},"end":{"line":17,"column":2}},"4":{"start":{"line":19,"column":0},"end":{"line":19,"column":49}}},"fnMap":{},"branchMap":{},"s":{"0":1,"1":1,"2":1,"3":1,"4":1},"f":{},"b":{},"_coverageSchema":"43e27e138ebf9cfc5966b082cf9a028302ed4184","hash":"ce37a63705b31f9094c8b3f1d12e6fcf2ea0bc83"}
,"/home/denis/Zazmic_Internship/hw5/services/passportService.js": {"path":"/home/denis/Zazmic_Internship/hw5/services/passportService.js","statementMap":{"0":{"start":{"line":1,"column":22},"end":{"line":1,"column":56}},"1":{"start":{"line":2,"column":23},"end":{"line":2,"column":57}},"2":{"start":{"line":3,"column":25},"end":{"line":3,"column":62}},"3":{"start":{"line":5,"column":24},"end":{"line":5,"column":43}},"4":{"start":{"line":6,"column":21},"end":{"line":6,"column":41}},"5":{"start":{"line":7,"column":18},"end":{"line":7,"column":50}},"6":{"start":{"line":8,"column":24},"end":{"line":8,"column":48}},"7":{"start":{"line":10,"column":0},"end":{"line":88,"column":1}},"8":{"start":{"line":11,"column":1},"end":{"line":11,"column":60}},"9":{"start":{"line":11,"column":40},"end":{"line":11,"column":59}},"10":{"start":{"line":13,"column":1},"end":{"line":21,"column":3}},"11":{"start":{"line":14,"column":2},"end":{"line":20,"column":3}},"12":{"start":{"line":15,"column":16},"end":{"line":15,"column":40}},"13":{"start":{"line":16,"column":3},"end":{"line":16,"column":26}},"14":{"start":{"line":18,"column":3},"end":{"line":18,"column":12}},"15":{"start":{"line":19,"column":3},"end":{"line":19,"column":68}},"16":{"start":{"line":23,"column":1},"end":{"line":37,"column":2}},"17":{"start":{"line":25,"column":3},"end":{"line":35,"column":4}},"18":{"start":{"line":26,"column":21},"end":{"line":26,"column":80}},"19":{"start":{"line":27,"column":17},"end":{"line":27,"column":46}},"20":{"start":{"line":28,"column":4},"end":{"line":28,"column":94}},"21":{"start":{"line":28,"column":26},"end":{"line":28,"column":94}},"22":{"start":{"line":29,"column":18},"end":{"line":29,"column":57}},"23":{"start":{"line":30,"column":4},"end":{"line":30,"column":38}},"24":{"start":{"line":30,"column":15},"end":{"line":30,"column":38}},"25":{"start":{"line":31,"column":4},"end":{"line":31,"column":25}},"26":{"start":{"line":33,"column":4},"end":{"line":33,"column":13}},"27":{"start":{"line":34,"column":4},"end":{"line":34,"column":69}},"28":{"start":{"line":39,"column":1},"end":{"line":61,"column":2}},"29":{"start":{"line":47,"column":4},"end":{"line":58,"column":5}},"30":{"start":{"line":48,"column":18},"end":{"line":54,"column":7}},"31":{"start":{"line":55,"column":5},"end":{"line":55,"column":21}},"32":{"start":{"line":57,"column":5},"end":{"line":57,"column":12}},"33":{"start":{"line":63,"column":1},"end":{"line":87,"column":2}},"34":{"start":{"line":73,"column":4},"end":{"line":84,"column":5}},"35":{"start":{"line":74,"column":18},"end":{"line":80,"column":7}},"36":{"start":{"line":81,"column":5},"end":{"line":81,"column":21}},"37":{"start":{"line":83,"column":5},"end":{"line":83,"column":16}}},"fnMap":{"0":{"name":"(anonymous_0)","decl":{"start":{"line":10,"column":17},"end":{"line":10,"column":18}},"loc":{"start":{"line":10,"column":29},"end":{"line":88,"column":1}},"line":10},"1":{"name":"(anonymous_1)","decl":{"start":{"line":11,"column":24},"end":{"line":11,"column":25}},"loc":{"start":{"line":11,"column":40},"end":{"line":11,"column":59}},"line":11},"2":{"name":"(anonymous_2)","decl":{"start":{"line":13,"column":26},"end":{"line":13,"column":27}},"loc":{"start":{"line":13,"column":46},"end":{"line":21,"column":2}},"line":13},"3":{"name":"(anonymous_3)","decl":{"start":{"line":24,"column":75},"end":{"line":24,"column":76}},"loc":{"start":{"line":24,"column":108},"end":{"line":36,"column":3}},"line":24},"4":{"name":"(anonymous_4)","decl":{"start":{"line":46,"column":3},"end":{"line":46,"column":4}},"loc":{"start":{"line":46,"column":55},"end":{"line":59,"column":4}},"line":46},"5":{"name":"(anonymous_5)","decl":{"start":{"line":72,"column":3},"end":{"line":72,"column":4}},"loc":{"start":{"line":72,"column":55},"end":{"line":85,"column":4}},"line":72}},"branchMap":{"0":{"loc":{"start":{"line":28,"column":4},"end":{"line":28,"column":94}},"type":"if","locations":[{"start":{"line":28,"column":4},"end":{"line":28,"column":94}},{"start":{"line":28,"column":4},"end":{"line":28,"column":94}}],"line":28},"1":{"loc":{"start":{"line":30,"column":4},"end":{"line":30,"column":38}},"type":"if","locations":[{"start":{"line":30,"column":4},"end":{"line":30,"column":38}},{"start":{"line":30,"column":4},"end":{"line":30,"column":38}}],"line":30}},"s":{"0":1,"1":1,"2":1,"3":1,"4":1,"5":1,"6":1,"7":1,"8":1,"9":1,"10":1,"11":1,"12":1,"13":1,"14":0,"15":0,"16":1,"17":0,"18":0,"19":0,"20":0,"21":0,"22":0,"23":0,"24":0,"25":0,"26":0,"27":0,"28":1,"29":0,"30":0,"31":0,"32":0,"33":1,"34":0,"35":0,"36":0,"37":0},"f":{"0":1,"1":1,"2":1,"3":0,"4":0,"5":0},"b":{"0":[0,0],"1":[0,0]},"_coverageSchema":"43e27e138ebf9cfc5966b082cf9a028302ed4184","hash":"75bf855ce67969158e80663c898f5d9b220a32b7"}
,"/home/denis/Zazmic_Internship/hw5/services/queryHelperService.js": {"path":"/home/denis/Zazmic_Internship/hw5/services/queryHelperService.js","statementMap":{"0":{"start":{"line":1,"column":11},"end":{"line":1,"column":34}},"1":{"start":{"line":2,"column":38},"end":{"line":2,"column":67}},"2":{"start":{"line":4,"column":20},"end":{"line":17,"column":1}},"3":{"start":{"line":5,"column":16},"end":{"line":5,"column":18}},"4":{"start":{"line":6,"column":1},"end":{"line":9,"column":2}},"5":{"start":{"line":7,"column":26},"end":{"line":7,"column":42}},"6":{"start":{"line":8,"column":2},"end":{"line":8,"column":75}},"7":{"start":{"line":10,"column":1},"end":{"line":10,"column":43}},"8":{"start":{"line":10,"column":15},"end":{"line":10,"column":43}},"9":{"start":{"line":11,"column":1},"end":{"line":16,"column":3}},"10":{"start":{"line":19,"column":20},"end":{"line":27,"column":1}},"11":{"start":{"line":20,"column":16},"end":{"line":20,"column":92}},"12":{"start":{"line":21,"column":1},"end":{"line":26,"column":3}},"13":{"start":{"line":29,"column":0},"end":{"line":29,"column":45}}},"fnMap":{"0":{"name":"(anonymous_0)","decl":{"start":{"line":4,"column":20},"end":{"line":4,"column":21}},"loc":{"start":{"line":4,"column":47},"end":{"line":17,"column":1}},"line":4},"1":{"name":"(anonymous_1)","decl":{"start":{"line":19,"column":20},"end":{"line":19,"column":21}},"loc":{"start":{"line":19,"column":55},"end":{"line":27,"column":1}},"line":19}},"branchMap":{"0":{"loc":{"start":{"line":6,"column":1},"end":{"line":9,"column":2}},"type":"if","locations":[{"start":{"line":6,"column":1},"end":{"line":9,"column":2}},{"start":{"line":6,"column":1},"end":{"line":9,"column":2}}],"line":6},"1":{"loc":{"start":{"line":10,"column":1},"end":{"line":10,"column":43}},"type":"if","locations":[{"start":{"line":10,"column":1},"end":{"line":10,"column":43}},{"start":{"line":10,"column":1},"end":{"line":10,"column":43}}],"line":10},"2":{"loc":{"start":{"line":20,"column":16},"end":{"line":20,"column":92}},"type":"cond-expr","locations":[{"start":{"line":20,"column":32},"end":{"line":20,"column":45}},{"start":{"line":20,"column":48},"end":{"line":20,"column":92}}],"line":20}},"s":{"0":1,"1":1,"2":1,"3":0,"4":0,"5":0,"6":0,"7":0,"8":0,"9":0,"10":1,"11":0,"12":0,"13":1},"f":{"0":0,"1":0},"b":{"0":[0,0],"1":[0,0],"2":[0,0]},"_coverageSchema":"43e27e138ebf9cfc5966b082cf9a028302ed4184","hash":"f3dae97792637a222329b6856891e0aaeaf2d301"}
,"/home/denis/Zazmic_Internship/hw5/services/rateLimitService.js": {"path":"/home/denis/Zazmic_Internship/hw5/services/rateLimitService.js","statementMap":{"0":{"start":{"line":1,"column":18},"end":{"line":1,"column":47}},"1":{"start":{"line":2,"column":20},"end":{"line":2,"column":47}},"2":{"start":{"line":3,"column":29},"end":{"line":3,"column":61}},"3":{"start":{"line":5,"column":0},"end":{"line":33,"column":1}},"4":{"start":{"line":6,"column":17},"end":{"line":13,"column":3}},"5":{"start":{"line":15,"column":22},"end":{"line":23,"column":3}},"6":{"start":{"line":25,"column":19},"end":{"line":30,"column":3}},"7":{"start":{"line":32,"column":1},"end":{"line":32,"column":44}}},"fnMap":{"0":{"name":"(anonymous_0)","decl":{"start":{"line":5,"column":17},"end":{"line":5,"column":18}},"loc":{"start":{"line":5,"column":27},"end":{"line":33,"column":1}},"line":5}},"branchMap":{},"s":{"0":1,"1":1,"2":1,"3":1,"4":1,"5":1,"6":1,"7":1},"f":{"0":1},"b":{},"_coverageSchema":"43e27e138ebf9cfc5966b082cf9a028302ed4184","hash":"c9dcba3e89082818906335383353098399a9b727"}
,"/home/denis/Zazmic_Internship/hw5/services/redisConnectService.js": {"path":"/home/denis/Zazmic_Internship/hw5/services/redisConnectService.js","statementMap":{"0":{"start":{"line":1,"column":10},"end":{"line":1,"column":28}},"1":{"start":{"line":2,"column":15},"end":{"line":2,"column":43}},"2":{"start":{"line":3,"column":24},"end":{"line":3,"column":43}},"3":{"start":{"line":5,"column":0},"end":{"line":7,"column":2}},"4":{"start":{"line":6,"column":1},"end":{"line":6,"column":58}},"5":{"start":{"line":9,"column":0},"end":{"line":9,"column":23}}},"fnMap":{"0":{"name":"(anonymous_0)","decl":{"start":{"line":5,"column":19},"end":{"line":5,"column":20}},"loc":{"start":{"line":5,"column":26},"end":{"line":7,"column":1}},"line":5}},"branchMap":{},"s":{"0":1,"1":1,"2":1,"3":1,"4":0,"5":1},"f":{"0":0},"b":{},"_coverageSchema":"43e27e138ebf9cfc5966b082cf9a028302ed4184","hash":"821831e44397782ecec8c8f7438128d33fce7f24"}
,"/home/denis/Zazmic_Internship/hw5/services/socketService.js": {"path":"/home/denis/Zazmic_Internship/hw5/services/socketService.js","statementMap":{"0":{"start":{"line":1,"column":17},"end":{"line":1,"column":37}},"1":{"start":{"line":2,"column":25},"end":{"line":2,"column":53}},"2":{"start":{"line":3,"column":16},"end":{"line":3,"column":42}},"3":{"start":{"line":5,"column":24},"end":{"line":5,"column":43}},"4":{"start":{"line":7,"column":0},"end":{"line":39,"column":1}},"5":{"start":{"line":8,"column":12},"end":{"line":8,"column":28}},"6":{"start":{"line":9,"column":1},"end":{"line":9,"column":43}},"7":{"start":{"line":10,"column":1},"end":{"line":16,"column":2}},"8":{"start":{"line":14,"column":43},"end":{"line":14,"column":51}},"9":{"start":{"line":18,"column":1},"end":{"line":37,"column":3}},"10":{"start":{"line":19,"column":2},"end":{"line":21,"column":4}},"11":{"start":{"line":20,"column":3},"end":{"line":20,"column":87}},"12":{"start":{"line":20,"column":12},"end":{"line":20,"column":87}},"13":{"start":{"line":22,"column":13},"end":{"line":22,"column":52}},"14":{"start":{"line":23,"column":2},"end":{"line":28,"column":4}},"15":{"start":{"line":24,"column":3},"end":{"line":27,"column":58}},"16":{"start":{"line":26,"column":21},"end":{"line":26,"column":27}},"17":{"start":{"line":27,"column":22},"end":{"line":27,"column":57}},"18":{"start":{"line":29,"column":2},"end":{"line":36,"column":3}},"19":{"start":{"line":30,"column":3},"end":{"line":30,"column":77}},"20":{"start":{"line":30,"column":44},"end":{"line":30,"column":76}},"21":{"start":{"line":31,"column":3},"end":{"line":31,"column":80}},"22":{"start":{"line":31,"column":46},"end":{"line":31,"column":79}},"23":{"start":{"line":33,"column":3},"end":{"line":35,"column":5}},"24":{"start":{"line":34,"column":4},"end":{"line":34,"column":79}},"25":{"start":{"line":38,"column":1},"end":{"line":38,"column":10}}},"fnMap":{"0":{"name":"(anonymous_0)","decl":{"start":{"line":7,"column":17},"end":{"line":7,"column":18}},"loc":{"start":{"line":7,"column":48},"end":{"line":39,"column":1}},"line":7},"1":{"name":"(anonymous_1)","decl":{"start":{"line":14,"column":9},"end":{"line":14,"column":10}},"loc":{"start":{"line":14,"column":43},"end":{"line":14,"column":51}},"line":14},"2":{"name":"(anonymous_2)","decl":{"start":{"line":18,"column":21},"end":{"line":18,"column":22}},"loc":{"start":{"line":18,"column":38},"end":{"line":37,"column":2}},"line":18},"3":{"name":"(anonymous_3)","decl":{"start":{"line":19,"column":29},"end":{"line":19,"column":30}},"loc":{"start":{"line":19,"column":47},"end":{"line":21,"column":3}},"line":19},"4":{"name":"(anonymous_4)","decl":{"start":{"line":23,"column":13},"end":{"line":23,"column":14}},"loc":{"start":{"line":23,"column":31},"end":{"line":28,"column":3}},"line":23},"5":{"name":"(anonymous_5)","decl":{"start":{"line":26,"column":10},"end":{"line":26,"column":11}},"loc":{"start":{"line":26,"column":21},"end":{"line":26,"column":27}},"line":26},"6":{"name":"(anonymous_6)","decl":{"start":{"line":27,"column":11},"end":{"line":27,"column":12}},"loc":{"start":{"line":27,"column":22},"end":{"line":27,"column":57}},"line":27},"7":{"name":"(anonymous_7)","decl":{"start":{"line":30,"column":31},"end":{"line":30,"column":32}},"loc":{"start":{"line":30,"column":44},"end":{"line":30,"column":76}},"line":30},"8":{"name":"(anonymous_8)","decl":{"start":{"line":31,"column":33},"end":{"line":31,"column":34}},"loc":{"start":{"line":31,"column":46},"end":{"line":31,"column":79}},"line":31},"9":{"name":"(anonymous_9)","decl":{"start":{"line":33,"column":31},"end":{"line":33,"column":32}},"loc":{"start":{"line":33,"column":44},"end":{"line":35,"column":4}},"line":33}},"branchMap":{"0":{"loc":{"start":{"line":20,"column":3},"end":{"line":20,"column":87}},"type":"if","locations":[{"start":{"line":20,"column":3},"end":{"line":20,"column":87}},{"start":{"line":20,"column":3},"end":{"line":20,"column":87}}],"line":20},"1":{"loc":{"start":{"line":29,"column":2},"end":{"line":36,"column":3}},"type":"if","locations":[{"start":{"line":29,"column":2},"end":{"line":36,"column":3}},{"start":{"line":29,"column":2},"end":{"line":36,"column":3}}],"line":29}},"s":{"0":1,"1":1,"2":1,"3":1,"4":1,"5":1,"6":1,"7":1,"8":0,"9":1,"10":0,"11":0,"12":0,"13":0,"14":0,"15":0,"16":0,"17":0,"18":0,"19":0,"20":0,"21":0,"22":0,"23":0,"24":0,"25":1},"f":{"0":1,"1":0,"2":0,"3":0,"4":0,"5":0,"6":0,"7":0,"8":0,"9":0},"b":{"0":[0,0],"1":[0,0]},"_coverageSchema":"43e27e138ebf9cfc5966b082cf9a028302ed4184","hash":"74419e1df21ef0e52cddf14450c4db6638a40dab"}
,"/home/denis/Zazmic_Internship/hw5/services/stripeService.js": {"path":"/home/denis/Zazmic_Internship/hw5/services/stripeService.js","statementMap":{"0":{"start":{"line":1,"column":15},"end":{"line":1,"column":55}},"1":{"start":{"line":2,"column":21},"end":{"line":2,"column":53}},"2":{"start":{"line":3,"column":18},"end":{"line":3,"column":47}},"3":{"start":{"line":5,"column":23},"end":{"line":12,"column":2}},"4":{"start":{"line":6,"column":18},"end":{"line":6,"column":85}},"5":{"start":{"line":7,"column":17},"end":{"line":10,"column":2}},"6":{"start":{"line":11,"column":1},"end":{"line":11,"column":101}},"7":{"start":{"line":14,"column":21},"end":{"line":23,"column":2}},"8":{"start":{"line":15,"column":16},"end":{"line":21,"column":3}},"9":{"start":{"line":22,"column":1},"end":{"line":22,"column":42}},"10":{"start":{"line":25,"column":25},"end":{"line":32,"column":2}},"11":{"start":{"line":26,"column":17},"end":{"line":26,"column":68}},"12":{"start":{"line":27,"column":11},"end":{"line":27,"column":12}},"13":{"start":{"line":28,"column":1},"end":{"line":30,"column":3}},"14":{"start":{"line":29,"column":2},"end":{"line":29,"column":20}},"15":{"start":{"line":31,"column":1},"end":{"line":31,"column":17}},"16":{"start":{"line":34,"column":0},"end":{"line":34,"column":67}}},"fnMap":{"0":{"name":"(anonymous_0)","decl":{"start":{"line":5,"column":36},"end":{"line":5,"column":37}},"loc":{"start":{"line":5,"column":59},"end":{"line":12,"column":1}},"line":5},"1":{"name":"(anonymous_1)","decl":{"start":{"line":14,"column":34},"end":{"line":14,"column":35}},"loc":{"start":{"line":14,"column":79},"end":{"line":23,"column":1}},"line":14},"2":{"name":"(anonymous_2)","decl":{"start":{"line":25,"column":38},"end":{"line":25,"column":39}},"loc":{"start":{"line":25,"column":58},"end":{"line":32,"column":1}},"line":25},"3":{"name":"(anonymous_3)","decl":{"start":{"line":28,"column":22},"end":{"line":28,"column":23}},"loc":{"start":{"line":28,"column":30},"end":{"line":30,"column":2}},"line":28}},"branchMap":{"0":{"loc":{"start":{"line":11,"column":8},"end":{"line":11,"column":101}},"type":"cond-expr","locations":[{"start":{"line":11,"column":18},"end":{"line":11,"column":94}},{"start":{"line":11,"column":97},"end":{"line":11,"column":101}}],"line":11},"1":{"loc":{"start":{"line":22,"column":8},"end":{"line":22,"column":42}},"type":"cond-expr","locations":[{"start":{"line":22,"column":17},"end":{"line":22,"column":35}},{"start":{"line":22,"column":38},"end":{"line":22,"column":42}}],"line":22}},"s":{"0":1,"1":1,"2":1,"3":1,"4":0,"5":0,"6":0,"7":1,"8":0,"9":0,"10":1,"11":0,"12":0,"13":0,"14":0,"15":0,"16":1},"f":{"0":0,"1":0,"2":0,"3":0},"b":{"0":[0,0],"1":[0,0]},"_coverageSchema":"43e27e138ebf9cfc5966b082cf9a028302ed4184","hash":"a0a642d6369c9117dbcf87f8e72f9cbf3ba2735a"}
,"/home/denis/Zazmic_Internship/hw5/services/validationService.js": {"path":"/home/denis/Zazmic_Internship/hw5/services/validationService.js","statementMap":{"0":{"start":{"line":1,"column":17},"end":{"line":1,"column":45}},"1":{"start":{"line":3,"column":23},"end":{"line":3,"column":68}},"2":{"start":{"line":5,"column":15},"end":{"line":12,"column":1}},"3":{"start":{"line":6,"column":17},"end":{"line":6,"column":27}},"4":{"start":{"line":7,"column":17},"end":{"line":7,"column":24}},"5":{"start":{"line":8,"column":1},"end":{"line":8,"column":35}},"6":{"start":{"line":8,"column":23},"end":{"line":8,"column":35}},"7":{"start":{"line":9,"column":1},"end":{"line":9,"column":39}},"8":{"start":{"line":9,"column":27},"end":{"line":9,"column":39}},"9":{"start":{"line":10,"column":1},"end":{"line":10,"column":39}},"10":{"start":{"line":10,"column":27},"end":{"line":10,"column":39}},"11":{"start":{"line":11,"column":1},"end":{"line":11,"column":12}},"12":{"start":{"line":14,"column":27},"end":{"line":14,"column":53}},"13":{"start":{"line":14,"column":36},"end":{"line":14,"column":53}},"14":{"start":{"line":16,"column":31},"end":{"line":33,"column":2}},"15":{"start":{"line":35,"column":24},"end":{"line":46,"column":2}},"16":{"start":{"line":48,"column":20},"end":{"line":52,"column":1}},"17":{"start":{"line":49,"column":14},"end":{"line":49,"column":29}},"18":{"start":{"line":50,"column":1},"end":{"line":50,"column":30}},"19":{"start":{"line":50,"column":19},"end":{"line":50,"column":30}},"20":{"start":{"line":51,"column":1},"end":{"line":51,"column":13}},"21":{"start":{"line":54,"column":26},"end":{"line":66,"column":2}},"22":{"start":{"line":68,"column":27},"end":{"line":75,"column":2}},"23":{"start":{"line":77,"column":26},"end":{"line":83,"column":2}},"24":{"start":{"line":85,"column":0},"end":{"line":85,"column":118}}},"fnMap":{"0":{"name":"(anonymous_0)","decl":{"start":{"line":5,"column":15},"end":{"line":5,"column":16}},"loc":{"start":{"line":5,"column":24},"end":{"line":12,"column":1}},"line":5},"1":{"name":"(anonymous_1)","decl":{"start":{"line":14,"column":27},"end":{"line":14,"column":28}},"loc":{"start":{"line":14,"column":36},"end":{"line":14,"column":53}},"line":14},"2":{"name":"(anonymous_2)","decl":{"start":{"line":48,"column":20},"end":{"line":48,"column":21}},"loc":{"start":{"line":48,"column":29},"end":{"line":52,"column":1}},"line":48}},"branchMap":{"0":{"loc":{"start":{"line":8,"column":1},"end":{"line":8,"column":35}},"type":"if","locations":[{"start":{"line":8,"column":1},"end":{"line":8,"column":35}},{"start":{"line":8,"column":1},"end":{"line":8,"column":35}}],"line":8},"1":{"loc":{"start":{"line":9,"column":1},"end":{"line":9,"column":39}},"type":"if","locations":[{"start":{"line":9,"column":1},"end":{"line":9,"column":39}},{"start":{"line":9,"column":1},"end":{"line":9,"column":39}}],"line":9},"2":{"loc":{"start":{"line":10,"column":1},"end":{"line":10,"column":39}},"type":"if","locations":[{"start":{"line":10,"column":1},"end":{"line":10,"column":39}},{"start":{"line":10,"column":1},"end":{"line":10,"column":39}}],"line":10},"3":{"loc":{"start":{"line":50,"column":1},"end":{"line":50,"column":30}},"type":"if","locations":[{"start":{"line":50,"column":1},"end":{"line":50,"column":30}},{"start":{"line":50,"column":1},"end":{"line":50,"column":30}}],"line":50}},"s":{"0":1,"1":1,"2":1,"3":1,"4":1,"5":1,"6":0,"7":1,"8":0,"9":1,"10":0,"11":1,"12":1,"13":0,"14":1,"15":1,"16":1,"17":0,"18":0,"19":0,"20":0,"21":1,"22":1,"23":1,"24":1},"f":{"0":1,"1":0,"2":0},"b":{"0":[0,1],"1":[0,1],"2":[0,1],"3":[0,0]},"_coverageSchema":"43e27e138ebf9cfc5966b082cf9a028302ed4184","hash":"e239f4c62f3446e899fb6feb0c63777486531dff"}
,"/home/denis/Zazmic_Internship/hw5/services/middlewares/authCheck.js": {"path":"/home/denis/Zazmic_Internship/hw5/services/middlewares/authCheck.js","statementMap":{"0":{"start":{"line":2,"column":0},"end":{"line":5,"column":1}},"1":{"start":{"line":3,"column":1},"end":{"line":3,"column":41}},"2":{"start":{"line":3,"column":28},"end":{"line":3,"column":41}},"3":{"start":{"line":4,"column":1},"end":{"line":4,"column":54}}},"fnMap":{"0":{"name":"(anonymous_0)","decl":{"start":{"line":2,"column":17},"end":{"line":2,"column":18}},"loc":{"start":{"line":2,"column":37},"end":{"line":5,"column":1}},"line":2}},"branchMap":{"0":{"loc":{"start":{"line":3,"column":1},"end":{"line":3,"column":41}},"type":"if","locations":[{"start":{"line":3,"column":1},"end":{"line":3,"column":41}},{"start":{"line":3,"column":1},"end":{"line":3,"column":41}}],"line":3}},"s":{"0":1,"1":0,"2":0,"3":0},"f":{"0":0},"b":{"0":[0,0]},"_coverageSchema":"43e27e138ebf9cfc5966b082cf9a028302ed4184","hash":"b9c2c02e5423ca7c1b8892858085319f1895ee08"}
,"/home/denis/Zazmic_Internship/hw5/services/middlewares/validation.js": {"path":"/home/denis/Zazmic_Internship/hw5/services/middlewares/validation.js","statementMap":{"0":{"start":{"line":1,"column":29},"end":{"line":1,"column":57}},"1":{"start":{"line":3,"column":19},"end":{"line":13,"column":1}},"2":{"start":{"line":4,"column":21},"end":{"line":11,"column":2}},"3":{"start":{"line":7,"column":18},"end":{"line":7,"column":39}},"4":{"start":{"line":8,"column":3},"end":{"line":8,"column":81}},"5":{"start":{"line":8,"column":26},"end":{"line":8,"column":81}},"6":{"start":{"line":9,"column":3},"end":{"line":9,"column":9}},"7":{"start":{"line":12,"column":1},"end":{"line":12,"column":19}},"8":{"start":{"line":15,"column":0},"end":{"line":15,"column":31}}},"fnMap":{"0":{"name":"(anonymous_0)","decl":{"start":{"line":3,"column":19},"end":{"line":3,"column":20}},"loc":{"start":{"line":3,"column":28},"end":{"line":13,"column":1}},"line":3},"1":{"name":"(anonymous_1)","decl":{"start":{"line":6,"column":2},"end":{"line":6,"column":3}},"loc":{"start":{"line":6,"column":22},"end":{"line":10,"column":3}},"line":6}},"branchMap":{"0":{"loc":{"start":{"line":8,"column":3},"end":{"line":8,"column":81}},"type":"if","locations":[{"start":{"line":8,"column":3},"end":{"line":8,"column":81}},{"start":{"line":8,"column":3},"end":{"line":8,"column":81}}],"line":8}},"s":{"0":1,"1":1,"2":5,"3":1,"4":1,"5":0,"6":1,"7":5,"8":1},"f":{"0":5,"1":1},"b":{"0":[0,1]},"_coverageSchema":"43e27e138ebf9cfc5966b082cf9a028302ed4184","hash":"379fa192f1cc03574715685d6e3aaa9db9006901"}
,"/home/denis/Zazmic_Internship/hw5/tests/helpers.js": {"path":"/home/denis/Zazmic_Internship/hw5/tests/helpers.js","statementMap":{"0":{"start":{"line":2,"column":14},"end":{"line":2,"column":30}},"1":{"start":{"line":3,"column":18},"end":{"line":3,"column":38}},"2":{"start":{"line":4,"column":12},"end":{"line":4,"column":31}},"3":{"start":{"line":5,"column":28},"end":{"line":5,"column":63}},"4":{"start":{"line":6,"column":16},"end":{"line":6,"column":30}},"5":{"start":{"line":8,"column":0},"end":{"line":27,"column":1}},"6":{"start":{"line":10,"column":20},"end":{"line":10,"column":42}},"7":{"start":{"line":11,"column":19},"end":{"line":11,"column":40}},"8":{"start":{"line":12,"column":16},"end":{"line":12,"column":38}},"9":{"start":{"line":13,"column":19},"end":{"line":13,"column":44}},"10":{"start":{"line":14,"column":23},"end":{"line":14,"column":84}},"11":{"start":{"line":16,"column":2},"end":{"line":16,"column":91}},"12":{"start":{"line":17,"column":25},"end":{"line":17,"column":54}},"13":{"start":{"line":18,"column":16},"end":{"line":18,"column":48}},"14":{"start":{"line":19,"column":19},"end":{"line":19,"column":84}},"15":{"start":{"line":21,"column":2},"end":{"line":21,"column":26}},"16":{"start":{"line":22,"column":15},"end":{"line":22,"column":33}},"17":{"start":{"line":23,"column":2},"end":{"line":23,"column":72}},"18":{"start":{"line":25,"column":2},"end":{"line":25,"column":13}}},"fnMap":{"0":{"name":"(anonymous_0)","decl":{"start":{"line":9,"column":15},"end":{"line":9,"column":16}},"loc":{"start":{"line":9,"column":27},"end":{"line":26,"column":2}},"line":9}},"branchMap":{},"s":{"0":1,"1":1,"2":1,"3":1,"4":1,"5":1,"6":1,"7":1,"8":1,"9":1,"10":1,"11":1,"12":1,"13":1,"14":1,"15":1,"16":1,"17":1,"18":1},"f":{"0":1},"b":{},"_coverageSchema":"43e27e138ebf9cfc5966b082cf9a028302ed4184","hash":"1454659821cf0611c68224bf96b942fb5d06c79b"}
}
